<?xml version="1.0" encoding="UTF-8"?>
<coverage generated="1738924522310" clover="3.2.0">
  <project timestamp="1738924522310" name="All files">
    <metrics statements="293" coveredstatements="281" conditionals="165" coveredconditionals="123" methods="93" coveredmethods="89" elements="551" coveredelements="493" complexity="0" loc="293" ncloc="293" packages="17" files="20" classes="20"/>
    <package name="Assignment1">
      <metrics statements="1" coveredstatements="1" conditionals="0" coveredconditionals="0" methods="0" coveredmethods="0"/>
      <file name="fileMock.js" path="C:\Users\vismaheshwari\Desktop\Assignment1\fileMock.js">
        <metrics statements="1" coveredstatements="1" conditionals="0" coveredconditionals="0" methods="0" coveredmethods="0"/>
        <line num="1" count="11" type="stmt"/>
      </file>
    </package>
    <package name="Assignment1.src.Hooks">
      <metrics statements="30" coveredstatements="30" conditionals="6" coveredconditionals="6" methods="15" coveredmethods="15"/>
      <file name="UserCart.ts" path="C:\Users\vismaheshwari\Desktop\Assignment1\src\Hooks\UserCart.ts">
        <metrics statements="14" coveredstatements="14" conditionals="2" coveredconditionals="2" methods="5" coveredmethods="5"/>
        <line num="5" count="5" type="stmt"/>
        <line num="6" count="15" type="stmt"/>
        <line num="8" count="15" type="stmt"/>
        <line num="9" count="5" type="stmt"/>
        <line num="12" count="5" type="stmt"/>
        <line num="15" count="15" type="stmt"/>
        <line num="16" count="3" type="stmt"/>
        <line num="17" count="3" type="stmt"/>
        <line num="18" count="3" type="stmt"/>
        <line num="24" count="15" type="stmt"/>
        <line num="25" count="2" type="stmt"/>
        <line num="26" count="2" type="stmt"/>
        <line num="27" count="2" type="stmt"/>
        <line num="33" count="15" type="stmt"/>
      </file>
      <file name="useWishlistItem.ts" path="C:\Users\vismaheshwari\Desktop\Assignment1\src\Hooks\useWishlistItem.ts">
        <metrics statements="16" coveredstatements="16" conditionals="4" coveredconditionals="4" methods="10" coveredmethods="10"/>
        <line num="5" count="5" type="stmt"/>
        <line num="6" count="10" type="stmt"/>
        <line num="7" count="5" type="stmt"/>
        <line num="8" count="5" type="cond" truecount="2" falsecount="0"/>
        <line num="11" count="10" type="stmt"/>
        <line num="12" count="10" type="stmt"/>
        <line num="18" count="10" type="stmt"/>
        <line num="19" count="3" type="stmt"/>
        <line num="22" count="10" type="stmt"/>
        <line num="23" count="2" type="stmt"/>
        <line num="24" count="2" type="stmt"/>
        <line num="27" count="10" type="stmt"/>
        <line num="28" count="2" type="cond" truecount="2" falsecount="0"/>
        <line num="29" count="1" type="stmt"/>
        <line num="31" count="1" type="stmt"/>
        <line num="35" count="10" type="stmt"/>
      </file>
    </package>
    <package name="Assignment1.src.Utils">
      <metrics statements="37" coveredstatements="37" conditionals="4" coveredconditionals="4" methods="3" coveredmethods="3"/>
      <file name="Contant.ts" path="C:\Users\vismaheshwari\Desktop\Assignment1\src\Utils\Contant.ts">
        <metrics statements="36" coveredstatements="36" conditionals="4" coveredconditionals="4" methods="3" coveredmethods="3"/>
        <line num="2" count="11" type="stmt"/>
        <line num="3" count="11" type="stmt"/>
        <line num="4" count="11" type="stmt"/>
        <line num="7" count="11" type="stmt"/>
        <line num="8" count="11" type="stmt"/>
        <line num="10" count="11" type="stmt"/>
        <line num="11" count="12" type="stmt"/>
        <line num="12" count="11" type="stmt"/>
        <line num="13" count="8" type="cond" truecount="2" falsecount="0"/>
        <line num="14" count="4" type="stmt"/>
        <line num="16" count="4" type="stmt"/>
        <line num="21" count="11" type="stmt"/>
        <line num="22" count="11" type="stmt"/>
        <line num="23" count="11" type="stmt"/>
        <line num="24" count="4" type="cond" truecount="2" falsecount="0"/>
        <line num="25" count="2" type="stmt"/>
        <line num="27" count="2" type="stmt"/>
        <line num="31" count="11" type="stmt"/>
        <line num="33" count="11" type="stmt"/>
        <line num="37" count="11" type="stmt"/>
        <line num="38" count="11" type="stmt"/>
        <line num="39" count="11" type="stmt"/>
        <line num="42" count="11" type="stmt"/>
        <line num="43" count="11" type="stmt"/>
        <line num="44" count="11" type="stmt"/>
        <line num="45" count="11" type="stmt"/>
        <line num="48" count="11" type="stmt"/>
        <line num="49" count="11" type="stmt"/>
        <line num="50" count="11" type="stmt"/>
        <line num="51" count="11" type="stmt"/>
        <line num="52" count="11" type="stmt"/>
        <line num="55" count="11" type="stmt"/>
        <line num="66" count="11" type="stmt"/>
        <line num="67" count="11" type="stmt"/>
        <line num="68" count="11" type="stmt"/>
        <line num="69" count="11" type="stmt"/>
      </file>
      <file name="MockData.ts" path="C:\Users\vismaheshwari\Desktop\Assignment1\src\Utils\MockData.ts">
        <metrics statements="1" coveredstatements="1" conditionals="0" coveredconditionals="0" methods="0" coveredmethods="0"/>
        <line num="1" count="1" type="stmt"/>
      </file>
    </package>
    <package name="Assignment1.src.assests">
      <metrics statements="0" coveredstatements="0" conditionals="0" coveredconditionals="0" methods="0" coveredmethods="0"/>
      <file name="index.js" path="C:\Users\vismaheshwari\Desktop\Assignment1\src\assests\index.js">
        <metrics statements="0" coveredstatements="0" conditionals="0" coveredconditionals="0" methods="0" coveredmethods="0"/>
      </file>
    </package>
    <package name="Assignment1.src.components.Cart">
      <metrics statements="35" coveredstatements="35" conditionals="20" coveredconditionals="17" methods="16" coveredmethods="16"/>
      <file name="Cart.tsx" path="C:\Users\vismaheshwari\Desktop\Assignment1\src\components\Cart\Cart.tsx">
        <metrics statements="35" coveredstatements="35" conditionals="20" coveredconditionals="17" methods="16" coveredmethods="16"/>
        <line num="18" count="1" type="stmt"/>
        <line num="19" count="12" type="stmt"/>
        <line num="20" count="12" type="stmt"/>
        <line num="21" count="12" type="stmt"/>
        <line num="22" count="12" type="stmt"/>
        <line num="23" count="12" type="stmt"/>
        <line num="25" count="12" type="stmt"/>
        <line num="26" count="2" type="stmt"/>
        <line num="27" count="2" type="cond" truecount="2" falsecount="0"/>
        <line num="28" count="1" type="stmt"/>
        <line num="30" count="1" type="stmt"/>
        <line num="31" count="1" type="stmt"/>
        <line num="33" count="2" type="stmt"/>
        <line num="36" count="12" type="stmt"/>
        <line num="37" count="2" type="stmt"/>
        <line num="38" count="1" type="stmt"/>
        <line num="40" count="2" type="cond" truecount="2" falsecount="0"/>
        <line num="41" count="1" type="stmt"/>
        <line num="43" count="2" type="stmt"/>
        <line num="46" count="12" type="stmt"/>
        <line num="47" count="1" type="stmt"/>
        <line num="50" count="12" type="stmt"/>
        <line num="51" count="13" type="cond" truecount="1" falsecount="1"/>
        <line num="54" count="12" type="stmt"/>
        <line num="56" count="13" type="cond" truecount="1" falsecount="1"/>
        <line num="59" count="12" type="stmt"/>
        <line num="60" count="13" type="stmt"/>
        <line num="62" count="12" type="stmt"/>
        <line num="63" count="1" type="stmt"/>
        <line num="66" count="12" type="stmt"/>
        <line num="79" count="13" type="stmt"/>
        <line num="91" count="2" type="stmt"/>
        <line num="106" count="1" type="stmt"/>
        <line num="120" count="13" type="stmt"/>
        <line num="122" count="11" type="stmt"/>
      </file>
    </package>
    <package name="Assignment1.src.components.CartSideBar">
      <metrics statements="9" coveredstatements="9" conditionals="8" coveredconditionals="8" methods="4" coveredmethods="4"/>
      <file name="SideBarCart.tsx" path="C:\Users\vismaheshwari\Desktop\Assignment1\src\components\CartSideBar\SideBarCart.tsx">
        <metrics statements="9" coveredstatements="9" conditionals="8" coveredconditionals="8" methods="4" coveredmethods="4"/>
        <line num="13" count="2" type="stmt"/>
        <line num="14" count="14" type="stmt"/>
        <line num="15" count="14" type="stmt"/>
        <line num="17" count="14" type="stmt"/>
        <line num="18" count="20" type="cond" truecount="2" falsecount="0"/>
        <line num="21" count="14" type="stmt"/>
        <line num="22" count="1" type="stmt"/>
        <line num="25" count="14" type="stmt"/>
        <line num="33" count="20" type="stmt"/>
      </file>
    </package>
    <package name="Assignment1.src.components.CourseCard">
      <metrics statements="18" coveredstatements="18" conditionals="15" coveredconditionals="14" methods="8" coveredmethods="8"/>
      <file name="CourseCard.tsx" path="C:\Users\vismaheshwari\Desktop\Assignment1\src\components\CourseCard\CourseCard.tsx">
        <metrics statements="18" coveredstatements="18" conditionals="15" coveredconditionals="14" methods="8" coveredmethods="8"/>
        <line num="14" count="3" type="stmt"/>
        <line num="15" count="75" type="stmt"/>
        <line num="16" count="75" type="stmt"/>
        <line num="17" count="75" type="stmt"/>
        <line num="19" count="75" type="stmt"/>
        <line num="20" count="1" type="stmt"/>
        <line num="23" count="75" type="stmt"/>
        <line num="24" count="126" type="stmt"/>
        <line num="26" count="75" type="stmt"/>
        <line num="28" count="75" type="stmt"/>
        <line num="29" count="37" type="cond" truecount="4" falsecount="0"/>
        <line num="30" count="5" type="stmt"/>
        <line num="32" count="32" type="stmt"/>
        <line num="36" count="75" type="stmt"/>
        <line num="56" count="1" type="stmt"/>
        <line num="79" count="5" type="stmt"/>
        <line num="86" count="1" type="stmt"/>
        <line num="94" count="1" type="stmt"/>
      </file>
    </package>
    <package name="Assignment1.src.components.CourseDetails">
      <metrics statements="48" coveredstatements="47" conditionals="37" coveredconditionals="27" methods="13" coveredmethods="13"/>
      <file name="CourseDetails.tsx" path="C:\Users\vismaheshwari\Desktop\Assignment1\src\components\CourseDetails\CourseDetails.tsx">
        <metrics statements="48" coveredstatements="47" conditionals="37" coveredconditionals="27" methods="13" coveredmethods="13"/>
        <line num="17" count="1" type="stmt"/>
        <line num="18" count="30" type="stmt"/>
        <line num="19" count="30" type="stmt"/>
        <line num="20" count="29" type="stmt"/>
        <line num="21" count="29" type="stmt"/>
        <line num="22" count="29" type="stmt"/>
        <line num="23" count="29" type="stmt"/>
        <line num="24" count="29" type="stmt"/>
        <line num="25" count="29" type="stmt"/>
        <line num="26" count="29" type="stmt"/>
        <line num="27" count="2" type="stmt"/>
        <line num="28" count="1" type="stmt"/>
        <line num="30" count="2" type="cond" truecount="2" falsecount="0"/>
        <line num="31" count="1" type="stmt"/>
        <line num="33" count="1" type="stmt"/>
        <line num="34" count="1" type="stmt"/>
        <line num="36" count="2" type="stmt"/>
        <line num="39" count="29" type="stmt"/>
        <line num="40" count="2" type="stmt"/>
        <line num="41" count="2" type="cond" truecount="2" falsecount="0"/>
        <line num="42" count="1" type="stmt"/>
        <line num="44" count="1" type="stmt"/>
        <line num="45" count="1" type="stmt"/>
        <line num="47" count="2" type="stmt"/>
        <line num="50" count="29" type="stmt"/>
        <line num="51" count="1" type="stmt"/>
        <line num="54" count="29" type="stmt"/>
        <line num="55" count="8" type="stmt"/>
        <line num="56" count="8" type="stmt"/>
        <line num="59" count="29" type="stmt"/>
        <line num="60" count="16" type="cond" truecount="4" falsecount="0"/>
        <line num="61" count="8" type="stmt"/>
        <line num="62" count="23" type="stmt"/>
        <line num="63" count="23" type="stmt"/>
        <line num="64" count="23" type="stmt"/>
        <line num="65" count="23" type="stmt"/>
        <line num="67" count="23" type="cond" truecount="1" falsecount="1"/>
        <line num="68" count="23" type="stmt"/>
        <line num="69" count="23" type="stmt"/>
        <line num="70" count="23" type="stmt"/>
        <line num="71" count="23" type="stmt"/>
        <line num="73" count="0" type="stmt"/>
        <line num="77" count="8" type="stmt"/>
        <line num="78" count="8" type="stmt"/>
        <line num="80" count="8" type="stmt"/>
        <line num="84" count="29" type="stmt"/>
        <line num="155" count="2" type="stmt"/>
        <line num="160" count="2" type="stmt"/>
      </file>
    </package>
    <package name="Assignment1.src.components.CourseList">
      <metrics statements="50" coveredstatements="41" conditionals="29" coveredconditionals="16" methods="12" coveredmethods="8"/>
      <file name="CourseList.tsx" path="C:\Users\vismaheshwari\Desktop\Assignment1\src\components\CourseList\CourseList.tsx">
        <metrics statements="50" coveredstatements="41" conditionals="29" coveredconditionals="16" methods="12" coveredmethods="8"/>
        <line num="23" count="1" type="stmt"/>
        <line num="24" count="13" type="stmt"/>
        <line num="25" count="13" type="stmt"/>
        <line num="26" count="13" type="stmt"/>
        <line num="27" count="13" type="stmt"/>
        <line num="28" count="13" type="stmt"/>
        <line num="29" count="13" type="stmt"/>
        <line num="30" count="13" type="stmt"/>
        <line num="31" count="13" type="stmt"/>
        <line num="32" count="13" type="stmt"/>
        <line num="34" count="13" type="stmt"/>
        <line num="35" count="6" type="cond" truecount="1" falsecount="1"/>
        <line num="36" count="0" type="stmt"/>
        <line num="38" count="6" type="stmt"/>
        <line num="40" count="6" type="stmt"/>
        <line num="43" count="13" type="stmt"/>
        <line num="44" count="0" type="stmt"/>
        <line num="45" count="0" type="stmt"/>
        <line num="48" count="0" type="stmt"/>
        <line num="50" count="0" type="stmt"/>
        <line num="53" count="13" type="stmt"/>
        <line num="54" count="0" type="stmt"/>
        <line num="57" count="13" type="stmt"/>
        <line num="58" count="78" type="cond" truecount="2" falsecount="2"/>
        <line num="63" count="13" type="stmt"/>
        <line num="64" count="39" type="stmt"/>
        <line num="65" count="39" type="stmt"/>
        <line num="67" count="39" type="cond" truecount="1" falsecount="1"/>
        <line num="68" count="0" type="stmt"/>
        <line num="69" count="39" type="cond" truecount="1" falsecount="1"/>
        <line num="70" count="0" type="stmt"/>
        <line num="72" count="39" type="stmt"/>
        <line num="75" count="13" type="stmt"/>
        <line num="76" count="13" type="stmt"/>
        <line num="77" count="13" type="stmt"/>
        <line num="78" count="13" type="stmt"/>
        <line num="83" count="13" type="stmt"/>
        <line num="85" count="13" type="stmt"/>
        <line num="86" count="2" type="stmt"/>
        <line num="87" count="2" type="cond" truecount="2" falsecount="0"/>
        <line num="88" count="1" type="stmt"/>
        <line num="90" count="1" type="stmt"/>
        <line num="91" count="1" type="stmt"/>
        <line num="93" count="2" type="stmt"/>
        <line num="96" count="13" type="stmt"/>
        <line num="97" count="0" type="stmt"/>
        <line num="100" count="13" type="stmt"/>
        <line num="101" count="2" type="stmt"/>
        <line num="104" count="13" type="stmt"/>
        <line num="132" count="52" type="stmt"/>
      </file>
    </package>
    <package name="Assignment1.src.components.Dashboard">
      <metrics statements="2" coveredstatements="2" conditionals="0" coveredconditionals="0" methods="1" coveredmethods="1"/>
      <file name="Dashboard.tsx" path="C:\Users\vismaheshwari\Desktop\Assignment1\src\components\Dashboard\Dashboard.tsx">
        <metrics statements="2" coveredstatements="2" conditionals="0" coveredconditionals="0" methods="1" coveredmethods="1"/>
        <line num="6" count="1" type="stmt"/>
        <line num="7" count="2" type="stmt"/>
      </file>
    </package>
    <package name="Assignment1.src.components.Footer">
      <metrics statements="4" coveredstatements="4" conditionals="2" coveredconditionals="2" methods="1" coveredmethods="1"/>
      <file name="Footer.tsx" path="C:\Users\vismaheshwari\Desktop\Assignment1\src\components\Footer\Footer.tsx">
        <metrics statements="4" coveredstatements="4" conditionals="2" coveredconditionals="2" methods="1" coveredmethods="1"/>
        <line num="5" count="1" type="stmt"/>
        <line num="6" count="2" type="stmt"/>
        <line num="7" count="2" type="stmt"/>
        <line num="8" count="2" type="stmt"/>
      </file>
    </package>
    <package name="Assignment1.src.components.InputBox">
      <metrics statements="10" coveredstatements="10" conditionals="2" coveredconditionals="1" methods="5" coveredmethods="5"/>
      <file name="InputBox.tsx" path="C:\Users\vismaheshwari\Desktop\Assignment1\src\components\InputBox\InputBox.tsx">
        <metrics statements="10" coveredstatements="10" conditionals="2" coveredconditionals="1" methods="5" coveredmethods="5"/>
        <line num="8" count="2" type="stmt"/>
        <line num="9" count="18" type="stmt"/>
        <line num="11" count="18" type="stmt"/>
        <line num="12" count="18" type="stmt"/>
        <line num="13" count="18" type="stmt"/>
        <line num="14" count="1" type="stmt"/>
        <line num="16" count="18" type="stmt"/>
        <line num="17" count="18" type="stmt"/>
        <line num="21" count="18" type="stmt"/>
        <line num="34" count="4" type="stmt"/>
      </file>
    </package>
    <package name="Assignment1.src.components.Navbar">
      <metrics statements="5" coveredstatements="5" conditionals="6" coveredconditionals="4" methods="1" coveredmethods="1"/>
      <file name="Navbar.tsx" path="C:\Users\vismaheshwari\Desktop\Assignment1\src\components\Navbar\Navbar.tsx">
        <metrics statements="5" coveredstatements="5" conditionals="6" coveredconditionals="4" methods="1" coveredmethods="1"/>
        <line num="8" count="1" type="stmt"/>
        <line num="9" count="5" type="stmt"/>
        <line num="10" count="5" type="stmt"/>
        <line num="11" count="5" type="stmt"/>
        <line num="12" count="5" type="stmt"/>
      </file>
    </package>
    <package name="Assignment1.src.components.Pagination">
      <metrics statements="16" coveredstatements="16" conditionals="6" coveredconditionals="6" methods="5" coveredmethods="5"/>
      <file name="Pagination.tsx" path="C:\Users\vismaheshwari\Desktop\Assignment1\src\components\Pagination\Pagination.tsx">
        <metrics statements="16" coveredstatements="16" conditionals="6" coveredconditionals="6" methods="5" coveredmethods="5"/>
        <line num="10" count="2" type="stmt"/>
        <line num="15" count="18" type="stmt"/>
        <line num="16" count="18" type="stmt"/>
        <line num="17" count="18" type="stmt"/>
        <line num="18" count="18" type="stmt"/>
        <line num="20" count="18" type="cond" truecount="2" falsecount="0"/>
        <line num="21" count="4" type="stmt"/>
        <line num="22" count="1" type="stmt"/>
        <line num="28" count="18" type="stmt"/>
        <line num="29" count="25" type="stmt"/>
        <line num="32" count="1" type="stmt"/>
        <line num="40" count="18" type="cond" truecount="2" falsecount="0"/>
        <line num="41" count="6" type="stmt"/>
        <line num="42" count="1" type="stmt"/>
        <line num="48" count="18" type="stmt"/>
        <line num="51" count="18" type="stmt"/>
      </file>
    </package>
    <package name="Assignment1.src.components.Popup">
      <metrics statements="8" coveredstatements="8" conditionals="26" coveredconditionals="16" methods="4" coveredmethods="4"/>
      <file name="Popup.tsx" path="C:\Users\vismaheshwari\Desktop\Assignment1\src\components\Popup\Popup.tsx">
        <metrics statements="8" coveredstatements="8" conditionals="26" coveredconditionals="16" methods="4" coveredmethods="4"/>
        <line num="16" count="4" type="stmt"/>
        <line num="17" count="58" type="stmt"/>
        <line num="18" count="58" type="stmt"/>
        <line num="19" count="58" type="stmt"/>
        <line num="21" count="2" type="stmt"/>
        <line num="23" count="58" type="cond" truecount="2" falsecount="0"/>
        <line num="62" count="1" type="stmt"/>
        <line num="84" count="1" type="stmt"/>
      </file>
    </package>
    <package name="Assignment1.src.components.SortSelect">
      <metrics statements="2" coveredstatements="2" conditionals="0" coveredconditionals="0" methods="1" coveredmethods="1"/>
      <file name="SortSelect.tsx" path="C:\Users\vismaheshwari\Desktop\Assignment1\src\components\SortSelect\SortSelect.tsx">
        <metrics statements="2" coveredstatements="2" conditionals="0" coveredconditionals="0" methods="1" coveredmethods="1"/>
        <line num="8" count="2" type="stmt"/>
        <line num="12" count="14" type="stmt"/>
      </file>
    </package>
    <package name="Assignment1.src.context">
      <metrics statements="18" coveredstatements="16" conditionals="4" coveredconditionals="2" methods="4" coveredmethods="4"/>
      <file name="CartContext.tsx" path="C:\Users\vismaheshwari\Desktop\Assignment1\src\context\CartContext.tsx">
        <metrics statements="9" coveredstatements="8" conditionals="2" coveredconditionals="1" methods="2" coveredmethods="2"/>
        <line num="12" count="5" type="stmt"/>
        <line num="16" count="5" type="stmt"/>
        <line num="17" count="6" type="stmt"/>
        <line num="19" count="6" type="stmt"/>
        <line num="27" count="5" type="stmt"/>
        <line num="28" count="72" type="stmt"/>
        <line num="29" count="72" type="cond" truecount="1" falsecount="1"/>
        <line num="30" count="0" type="stmt"/>
        <line num="32" count="72" type="stmt"/>
      </file>
      <file name="WishlistContext.tsx" path="C:\Users\vismaheshwari\Desktop\Assignment1\src\context\WishlistContext.tsx">
        <metrics statements="9" coveredstatements="8" conditionals="2" coveredconditionals="1" methods="2" coveredmethods="2"/>
        <line num="12" count="4" type="stmt"/>
        <line num="16" count="4" type="stmt"/>
        <line num="24" count="1" type="stmt"/>
        <line num="26" count="1" type="stmt"/>
        <line num="40" count="4" type="stmt"/>
        <line num="41" count="129" type="stmt"/>
        <line num="42" count="129" type="cond" truecount="1" falsecount="1"/>
        <line num="43" count="0" type="stmt"/>
        <line num="47" count="129" type="stmt"/>
      </file>
    </package>
  </project>
</coverage>
