{"C:\\Users\\vismaheshwari\\Desktop\\Assignment1\\fileMock.js": {"path":"C:\\Users\\vismaheshwari\\Desktop\\Assignment1\\fileMock.js","statementMap":{"0":{"start":{"line":1,"column":0},"end":{"line":1,"column":34}}},"fnMap":{},"branchMap":{},"s":{"0":11},"f":{},"b":{},"_coverageSchema":"1a1c01bbd47fc00a2c39e90264f33305004495a9","hash":"e922a8d92db6ea0da33348dda448e55ac9d6fab7"}
,"C:\\Users\\vismaheshwari\\Desktop\\Assignment1\\src\\Hooks\\UserCart.ts": {"path":"C:\\Users\\vismaheshwari\\Desktop\\Assignment1\\src\\Hooks\\UserCart.ts","statementMap":{"0":{"start":{"line":5,"column":16},"end":{"line":39,"column":1}},"1":{"start":{"line":6,"column":36},"end":{"line":6,"column":58}},"2":{"start":{"line":8,"column":2},"end":{"line":13,"column":9}},"3":{"start":{"line":9,"column":28},"end":{"line":11,"column":5}},"4":{"start":{"line":12,"column":4},"end":{"line":12,"column":34}},"5":{"start":{"line":15,"column":20},"end":{"line":22,"column":3}},"6":{"start":{"line":16,"column":29},"end":{"line":16,"column":51}},"7":{"start":{"line":17,"column":4},"end":{"line":17,"column":35}},"8":{"start":{"line":18,"column":4},"end":{"line":21,"column":6}},"9":{"start":{"line":24,"column":25},"end":{"line":31,"column":3}},"10":{"start":{"line":25,"column":29},"end":{"line":25,"column":77}},"11":{"start":{"line":25,"column":56},"end":{"line":25,"column":76}},"12":{"start":{"line":26,"column":4},"end":{"line":26,"column":35}},"13":{"start":{"line":27,"column":4},"end":{"line":30,"column":6}},"14":{"start":{"line":33,"column":2},"end":{"line":38,"column":4}}},"fnMap":{"0":{"name":"(anonymous_0)","decl":{"start":{"line":5,"column":16},"end":{"line":5,"column":17}},"loc":{"start":{"line":5,"column":22},"end":{"line":39,"column":1}},"line":5},"1":{"name":"(anonymous_1)","decl":{"start":{"line":8,"column":12},"end":{"line":8,"column":13}},"loc":{"start":{"line":8,"column":18},"end":{"line":13,"column":3}},"line":8},"2":{"name":"(anonymous_2)","decl":{"start":{"line":15,"column":20},"end":{"line":15,"column":21}},"loc":{"start":{"line":15,"column":40},"end":{"line":22,"column":3}},"line":15},"3":{"name":"(anonymous_3)","decl":{"start":{"line":24,"column":25},"end":{"line":24,"column":26}},"loc":{"start":{"line":24,"column":47},"end":{"line":31,"column":3}},"line":24},"4":{"name":"(anonymous_4)","decl":{"start":{"line":25,"column":46},"end":{"line":25,"column":47}},"loc":{"start":{"line":25,"column":56},"end":{"line":25,"column":76}},"line":25}},"branchMap":{"0":{"loc":{"start":{"line":10,"column":6},"end":{"line":10,"column":62}},"type":"binary-expr","locations":[{"start":{"line":10,"column":6},"end":{"line":10,"column":54}},{"start":{"line":10,"column":58},"end":{"line":10,"column":62}}],"line":10}},"s":{"0":5,"1":15,"2":15,"3":5,"4":5,"5":15,"6":3,"7":3,"8":3,"9":15,"10":2,"11":2,"12":2,"13":2,"14":15},"f":{"0":15,"1":5,"2":3,"3":2,"4":2},"b":{"0":[5,3]},"_coverageSchema":"1a1c01bbd47fc00a2c39e90264f33305004495a9","hash":"273114e7f042334af26e7cd67426f67c94b5e7e5"}
,"C:\\Users\\vismaheshwari\\Desktop\\Assignment1\\src\\Hooks\\useWishlistItem.ts": {"path":"C:\\Users\\vismaheshwari\\Desktop\\Assignment1\\src\\Hooks\\useWishlistItem.ts","statementMap":{"0":{"start":{"line":5,"column":24},"end":{"line":41,"column":1}},"1":{"start":{"line":6,"column":44},"end":{"line":9,"column":4}},"2":{"start":{"line":7,"column":24},"end":{"line":7,"column":76}},"3":{"start":{"line":8,"column":4},"end":{"line":8,"column":54}},"4":{"start":{"line":11,"column":2},"end":{"line":16,"column":22}},"5":{"start":{"line":12,"column":4},"end":{"line":15,"column":6}},"6":{"start":{"line":18,"column":24},"end":{"line":20,"column":3}},"7":{"start":{"line":19,"column":4},"end":{"line":19,"column":60}},"8":{"start":{"line":19,"column":36},"end":{"line":19,"column":58}},"9":{"start":{"line":22,"column":29},"end":{"line":26,"column":3}},"10":{"start":{"line":23,"column":4},"end":{"line":25,"column":6}},"11":{"start":{"line":24,"column":6},"end":{"line":24,"column":54}},"12":{"start":{"line":24,"column":33},"end":{"line":24,"column":53}},"13":{"start":{"line":27,"column":29},"end":{"line":33,"column":3}},"14":{"start":{"line":28,"column":4},"end":{"line":32,"column":5}},"15":{"start":{"line":28,"column":37},"end":{"line":28,"column":58}},"16":{"start":{"line":29,"column":6},"end":{"line":29,"column":36}},"17":{"start":{"line":31,"column":6},"end":{"line":31,"column":28}},"18":{"start":{"line":35,"column":2},"end":{"line":40,"column":4}}},"fnMap":{"0":{"name":"(anonymous_0)","decl":{"start":{"line":5,"column":24},"end":{"line":5,"column":25}},"loc":{"start":{"line":5,"column":30},"end":{"line":41,"column":1}},"line":5},"1":{"name":"(anonymous_1)","decl":{"start":{"line":6,"column":63},"end":{"line":6,"column":64}},"loc":{"start":{"line":6,"column":69},"end":{"line":9,"column":3}},"line":6},"2":{"name":"(anonymous_2)","decl":{"start":{"line":11,"column":12},"end":{"line":11,"column":13}},"loc":{"start":{"line":11,"column":18},"end":{"line":16,"column":3}},"line":11},"3":{"name":"(anonymous_3)","decl":{"start":{"line":18,"column":24},"end":{"line":18,"column":25}},"loc":{"start":{"line":18,"column":44},"end":{"line":20,"column":3}},"line":18},"4":{"name":"(anonymous_4)","decl":{"start":{"line":19,"column":21},"end":{"line":19,"column":22}},"loc":{"start":{"line":19,"column":36},"end":{"line":19,"column":58}},"line":19},"5":{"name":"(anonymous_5)","decl":{"start":{"line":22,"column":29},"end":{"line":22,"column":30}},"loc":{"start":{"line":22,"column":51},"end":{"line":26,"column":3}},"line":22},"6":{"name":"(anonymous_6)","decl":{"start":{"line":23,"column":21},"end":{"line":23,"column":22}},"loc":{"start":{"line":24,"column":6},"end":{"line":24,"column":54}},"line":24},"7":{"name":"(anonymous_7)","decl":{"start":{"line":24,"column":23},"end":{"line":24,"column":24}},"loc":{"start":{"line":24,"column":33},"end":{"line":24,"column":53}},"line":24},"8":{"name":"(anonymous_8)","decl":{"start":{"line":27,"column":29},"end":{"line":27,"column":30}},"loc":{"start":{"line":27,"column":49},"end":{"line":33,"column":3}},"line":27},"9":{"name":"(anonymous_9)","decl":{"start":{"line":28,"column":27},"end":{"line":28,"column":28}},"loc":{"start":{"line":28,"column":37},"end":{"line":28,"column":58}},"line":28}},"branchMap":{"0":{"loc":{"start":{"line":8,"column":11},"end":{"line":8,"column":53}},"type":"cond-expr","locations":[{"start":{"line":8,"column":25},"end":{"line":8,"column":48}},{"start":{"line":8,"column":51},"end":{"line":8,"column":53}}],"line":8},"1":{"loc":{"start":{"line":28,"column":4},"end":{"line":32,"column":5}},"type":"if","locations":[{"start":{"line":28,"column":4},"end":{"line":32,"column":5}},{"start":{"line":30,"column":11},"end":{"line":32,"column":5}}],"line":28}},"s":{"0":5,"1":10,"2":5,"3":5,"4":10,"5":10,"6":10,"7":3,"8":3,"9":10,"10":2,"11":2,"12":2,"13":10,"14":2,"15":1,"16":1,"17":1,"18":10},"f":{"0":10,"1":5,"2":10,"3":3,"4":3,"5":2,"6":2,"7":2,"8":2,"9":1},"b":{"0":[1,4],"1":[1,1]},"_coverageSchema":"1a1c01bbd47fc00a2c39e90264f33305004495a9","hash":"9ee55c15cc10853e747e06d1de809e9dfabf1251"}
,"C:\\Users\\vismaheshwari\\Desktop\\Assignment1\\src\\Utils\\Contant.ts": {"path":"C:\\Users\\vismaheshwari\\Desktop\\Assignment1\\src\\Utils\\Contant.ts","statementMap":{"0":{"start":{"line":2,"column":33},"end":{"line":2,"column":42}},"1":{"start":{"line":3,"column":39},"end":{"line":3,"column":54}},"2":{"start":{"line":4,"column":35},"end":{"line":4,"column":46}},"3":{"start":{"line":7,"column":24},"end":{"line":7,"column":64}},"4":{"start":{"line":8,"column":31},"end":{"line":8,"column":62}},"5":{"start":{"line":10,"column":2},"end":{"line":10,"column":78}},"6":{"start":{"line":11,"column":28},"end":{"line":11,"column":75}},"7":{"start":{"line":11,"column":48},"end":{"line":11,"column":75}},"8":{"start":{"line":12,"column":21},"end":{"line":18,"column":1}},"9":{"start":{"line":13,"column":2},"end":{"line":17,"column":3}},"10":{"start":{"line":14,"column":4},"end":{"line":14,"column":27}},"11":{"start":{"line":16,"column":4},"end":{"line":16,"column":34}},"12":{"start":{"line":21,"column":33},"end":{"line":21,"column":76}},"13":{"start":{"line":22,"column":39},"end":{"line":22,"column":75}},"14":{"start":{"line":23,"column":25},"end":{"line":29,"column":1}},"15":{"start":{"line":24,"column":2},"end":{"line":28,"column":3}},"16":{"start":{"line":25,"column":4},"end":{"line":25,"column":36}},"17":{"start":{"line":27,"column":4},"end":{"line":27,"column":42}},"18":{"start":{"line":31,"column":2},"end":{"line":31,"column":67}},"19":{"start":{"line":33,"column":2},"end":{"line":33,"column":67}},"20":{"start":{"line":37,"column":2},"end":{"line":37,"column":78}},"21":{"start":{"line":38,"column":26},"end":{"line":38,"column":45}},"22":{"start":{"line":39,"column":25},"end":{"line":39,"column":43}},"23":{"start":{"line":42,"column":20},"end":{"line":42,"column":33}},"24":{"start":{"line":43,"column":20},"end":{"line":43,"column":33}},"25":{"start":{"line":44,"column":20},"end":{"line":44,"column":33}},"26":{"start":{"line":45,"column":20},"end":{"line":45,"column":33}},"27":{"start":{"line":48,"column":16},"end":{"line":48,"column":26}},"28":{"start":{"line":49,"column":13},"end":{"line":49,"column":20}},"29":{"start":{"line":50,"column":23},"end":{"line":50,"column":40}},"30":{"start":{"line":51,"column":17},"end":{"line":51,"column":28}},"31":{"start":{"line":52,"column":16},"end":{"line":52,"column":26}},"32":{"start":{"line":55,"column":14},"end":{"line":65,"column":1}},"33":{"start":{"line":66,"column":17},"end":{"line":66,"column":27}},"34":{"start":{"line":67,"column":18},"end":{"line":67,"column":29}},"35":{"start":{"line":68,"column":30},"end":{"line":68,"column":54}},"36":{"start":{"line":69,"column":31},"end":{"line":69,"column":56}}},"fnMap":{"0":{"name":"(anonymous_0)","decl":{"start":{"line":11,"column":28},"end":{"line":11,"column":29}},"loc":{"start":{"line":11,"column":48},"end":{"line":11,"column":75}},"line":11},"1":{"name":"(anonymous_1)","decl":{"start":{"line":12,"column":21},"end":{"line":12,"column":22}},"loc":{"start":{"line":12,"column":40},"end":{"line":18,"column":1}},"line":12},"2":{"name":"(anonymous_2)","decl":{"start":{"line":23,"column":25},"end":{"line":23,"column":26}},"loc":{"start":{"line":23,"column":44},"end":{"line":29,"column":1}},"line":23}},"branchMap":{"0":{"loc":{"start":{"line":13,"column":2},"end":{"line":17,"column":3}},"type":"if","locations":[{"start":{"line":13,"column":2},"end":{"line":17,"column":3}},{"start":{"line":15,"column":9},"end":{"line":17,"column":3}}],"line":13},"1":{"loc":{"start":{"line":24,"column":2},"end":{"line":28,"column":3}},"type":"if","locations":[{"start":{"line":24,"column":2},"end":{"line":28,"column":3}},{"start":{"line":26,"column":9},"end":{"line":28,"column":3}}],"line":24}},"s":{"0":11,"1":11,"2":11,"3":11,"4":11,"5":11,"6":11,"7":12,"8":11,"9":8,"10":4,"11":4,"12":11,"13":11,"14":11,"15":4,"16":2,"17":2,"18":11,"19":11,"20":11,"21":11,"22":11,"23":11,"24":11,"25":11,"26":11,"27":11,"28":11,"29":11,"30":11,"31":11,"32":11,"33":11,"34":11,"35":11,"36":11},"f":{"0":12,"1":8,"2":4},"b":{"0":[4,4],"1":[2,2]},"_coverageSchema":"1a1c01bbd47fc00a2c39e90264f33305004495a9","hash":"c9a17c3d36570d0e4a76a92d6fb1de01f80fefa5"}
,"C:\\Users\\vismaheshwari\\Desktop\\Assignment1\\src\\Utils\\MockData.ts": {"path":"C:\\Users\\vismaheshwari\\Desktop\\Assignment1\\src\\Utils\\MockData.ts","statementMap":{"0":{"start":{"line":1,"column":17},"end":{"line":191,"column":1}}},"fnMap":{},"branchMap":{},"s":{"0":1},"f":{},"b":{},"_coverageSchema":"1a1c01bbd47fc00a2c39e90264f33305004495a9","hash":"3beef555d6de0c3ac68e5577878bb33d2e739d36"}
,"C:\\Users\\vismaheshwari\\Desktop\\Assignment1\\src\\assests\\index.js": {"path":"C:\\Users\\vismaheshwari\\Desktop\\Assignment1\\src\\assests\\index.js","statementMap":{},"fnMap":{},"branchMap":{},"s":{},"f":{},"b":{},"_coverageSchema":"1a1c01bbd47fc00a2c39e90264f33305004495a9","hash":"7fcb0cdfdea8a0f512e272bb6b5f07c65fdf0e98"}
,"C:\\Users\\vismaheshwari\\Desktop\\Assignment1\\src\\components\\Cart\\Cart.tsx": {"path":"C:\\Users\\vismaheshwari\\Desktop\\Assignment1\\src\\components\\Cart\\Cart.tsx","statementMap":{"0":{"start":{"line":18,"column":23},"end":{"line":155,"column":1}},"1":{"start":{"line":19,"column":19},"end":{"line":19,"column":32}},"2":{"start":{"line":20,"column":48},"end":{"line":20,"column":68}},"3":{"start":{"line":21,"column":51},"end":{"line":21,"column":67}},"4":{"start":{"line":22,"column":36},"end":{"line":22,"column":51}},"5":{"start":{"line":23,"column":42},"end":{"line":23,"column":54}},"6":{"start":{"line":25,"column":26},"end":{"line":34,"column":3}},"7":{"start":{"line":26,"column":28},"end":{"line":26,"column":75}},"8":{"start":{"line":26,"column":53},"end":{"line":26,"column":74}},"9":{"start":{"line":27,"column":4},"end":{"line":32,"column":5}},"10":{"start":{"line":28,"column":6},"end":{"line":28,"column":43}},"11":{"start":{"line":30,"column":6},"end":{"line":30,"column":24}},"12":{"start":{"line":31,"column":6},"end":{"line":31,"column":42}},"13":{"start":{"line":33,"column":4},"end":{"line":33,"column":23}},"14":{"start":{"line":36,"column":31},"end":{"line":44,"column":3}},"15":{"start":{"line":37,"column":32},"end":{"line":39,"column":5}},"16":{"start":{"line":38,"column":16},"end":{"line":38,"column":37}},"17":{"start":{"line":40,"column":4},"end":{"line":42,"column":5}},"18":{"start":{"line":41,"column":6},"end":{"line":41,"column":33}},"19":{"start":{"line":43,"column":4},"end":{"line":43,"column":30}},"20":{"start":{"line":46,"column":29},"end":{"line":48,"column":3}},"21":{"start":{"line":47,"column":4},"end":{"line":47,"column":22}},"22":{"start":{"line":50,"column":21},"end":{"line":53,"column":3}},"23":{"start":{"line":51,"column":21},"end":{"line":51,"column":67}},"24":{"start":{"line":54,"column":20},"end":{"line":58,"column":3}},"25":{"start":{"line":56,"column":6},"end":{"line":56,"column":68}},"26":{"start":{"line":59,"column":32},"end":{"line":61,"column":3}},"27":{"start":{"line":60,"column":4},"end":{"line":60,"column":78}},"28":{"start":{"line":60,"column":37},"end":{"line":60,"column":76}},"29":{"start":{"line":62,"column":27},"end":{"line":64,"column":3}},"30":{"start":{"line":63,"column":4},"end":{"line":63,"column":24}},"31":{"start":{"line":66,"column":2},"end":{"line":154,"column":4}},"32":{"start":{"line":79,"column":10},"end":{"line":112,"column":16}},"33":{"start":{"line":91,"column":33},"end":{"line":91,"column":61}},"34":{"start":{"line":106,"column":33},"end":{"line":106,"column":58}},"35":{"start":{"line":120,"column":16},"end":{"line":129,"column":22}},"36":{"start":{"line":122,"column":20},"end":{"line":127,"column":22}}},"fnMap":{"0":{"name":"(anonymous_0)","decl":{"start":{"line":18,"column":23},"end":{"line":18,"column":24}},"loc":{"start":{"line":18,"column":29},"end":{"line":155,"column":1}},"line":18},"1":{"name":"(anonymous_1)","decl":{"start":{"line":25,"column":26},"end":{"line":25,"column":27}},"loc":{"start":{"line":25,"column":46},"end":{"line":34,"column":3}},"line":25},"2":{"name":"(anonymous_2)","decl":{"start":{"line":26,"column":43},"end":{"line":26,"column":44}},"loc":{"start":{"line":26,"column":53},"end":{"line":26,"column":74}},"line":26},"3":{"name":"(anonymous_3)","decl":{"start":{"line":36,"column":31},"end":{"line":36,"column":32}},"loc":{"start":{"line":36,"column":51},"end":{"line":44,"column":3}},"line":36},"4":{"name":"(anonymous_4)","decl":{"start":{"line":38,"column":6},"end":{"line":38,"column":7}},"loc":{"start":{"line":38,"column":16},"end":{"line":38,"column":37}},"line":38},"5":{"name":"(anonymous_5)","decl":{"start":{"line":46,"column":29},"end":{"line":46,"column":30}},"loc":{"start":{"line":46,"column":35},"end":{"line":48,"column":3}},"line":46},"6":{"name":"(anonymous_6)","decl":{"start":{"line":51,"column":4},"end":{"line":51,"column":5}},"loc":{"start":{"line":51,"column":21},"end":{"line":51,"column":67}},"line":51},"7":{"name":"(anonymous_7)","decl":{"start":{"line":55,"column":4},"end":{"line":55,"column":5}},"loc":{"start":{"line":56,"column":6},"end":{"line":56,"column":68}},"line":56},"8":{"name":"(anonymous_8)","decl":{"start":{"line":59,"column":32},"end":{"line":59,"column":33}},"loc":{"start":{"line":59,"column":52},"end":{"line":61,"column":3}},"line":59},"9":{"name":"(anonymous_9)","decl":{"start":{"line":60,"column":27},"end":{"line":60,"column":28}},"loc":{"start":{"line":60,"column":37},"end":{"line":60,"column":76}},"line":60},"10":{"name":"(anonymous_10)","decl":{"start":{"line":62,"column":27},"end":{"line":62,"column":28}},"loc":{"start":{"line":62,"column":33},"end":{"line":64,"column":3}},"line":62},"11":{"name":"(anonymous_11)","decl":{"start":{"line":78,"column":24},"end":{"line":78,"column":25}},"loc":{"start":{"line":79,"column":10},"end":{"line":112,"column":16}},"line":79},"12":{"name":"(anonymous_12)","decl":{"start":{"line":91,"column":27},"end":{"line":91,"column":28}},"loc":{"start":{"line":91,"column":33},"end":{"line":91,"column":61}},"line":91},"13":{"name":"(anonymous_13)","decl":{"start":{"line":106,"column":27},"end":{"line":106,"column":28}},"loc":{"start":{"line":106,"column":33},"end":{"line":106,"column":58}},"line":106},"14":{"name":"(anonymous_14)","decl":{"start":{"line":119,"column":20},"end":{"line":119,"column":21}},"loc":{"start":{"line":120,"column":16},"end":{"line":129,"column":22}},"line":120},"15":{"name":"(anonymous_15)","decl":{"start":{"line":121,"column":54},"end":{"line":121,"column":55}},"loc":{"start":{"line":122,"column":20},"end":{"line":127,"column":22}},"line":122}},"branchMap":{"0":{"loc":{"start":{"line":27,"column":4},"end":{"line":32,"column":5}},"type":"if","locations":[{"start":{"line":27,"column":4},"end":{"line":32,"column":5}},{"start":{"line":29,"column":11},"end":{"line":32,"column":5}}],"line":27},"1":{"loc":{"start":{"line":40,"column":4},"end":{"line":42,"column":5}},"type":"if","locations":[{"start":{"line":40,"column":4},"end":{"line":42,"column":5}},{"start":{},"end":{}}],"line":40},"2":{"loc":{"start":{"line":51,"column":30},"end":{"line":51,"column":66}},"type":"binary-expr","locations":[{"start":{"line":51,"column":30},"end":{"line":51,"column":51}},{"start":{"line":51,"column":55},"end":{"line":51,"column":66}}],"line":51},"3":{"loc":{"start":{"line":56,"column":30},"end":{"line":56,"column":66}},"type":"binary-expr","locations":[{"start":{"line":56,"column":30},"end":{"line":56,"column":51}},{"start":{"line":56,"column":55},"end":{"line":56,"column":66}}],"line":56},"4":{"loc":{"start":{"line":68,"column":35},"end":{"line":68,"column":78}},"type":"cond-expr","locations":[{"start":{"line":68,"column":60},"end":{"line":68,"column":73}},{"start":{"line":68,"column":76},"end":{"line":68,"column":78}}],"line":68},"5":{"loc":{"start":{"line":72,"column":38},"end":{"line":72,"column":81}},"type":"cond-expr","locations":[{"start":{"line":72,"column":63},"end":{"line":72,"column":76}},{"start":{"line":72,"column":79},"end":{"line":72,"column":81}}],"line":72},"6":{"loc":{"start":{"line":74,"column":11},"end":{"line":76,"column":51}},"type":"cond-expr","locations":[{"start":{"line":75,"column":14},"end":{"line":75,"column":32}},{"start":{"line":76,"column":14},"end":{"line":76,"column":51}}],"line":74},"7":{"loc":{"start":{"line":96,"column":19},"end":{"line":102,"column":19}},"type":"cond-expr","locations":[{"start":{"line":97,"column":20},"end":{"line":99,"column":26}},{"start":{"line":101,"column":20},"end":{"line":101,"column":68}}],"line":96},"8":{"loc":{"start":{"line":114,"column":9},"end":{"line":132,"column":9}},"type":"binary-expr","locations":[{"start":{"line":114,"column":9},"end":{"line":114,"column":29}},{"start":{"line":115,"column":10},"end":{"line":131,"column":16}}],"line":114},"9":{"loc":{"start":{"line":134,"column":7},"end":{"line":147,"column":7}},"type":"binary-expr","locations":[{"start":{"line":134,"column":7},"end":{"line":134,"column":27}},{"start":{"line":135,"column":8},"end":{"line":146,"column":14}}],"line":134}},"s":{"0":1,"1":12,"2":12,"3":12,"4":12,"5":12,"6":12,"7":2,"8":2,"9":2,"10":1,"11":1,"12":1,"13":2,"14":12,"15":2,"16":1,"17":2,"18":1,"19":2,"20":12,"21":1,"22":12,"23":13,"24":12,"25":13,"26":12,"27":13,"28":13,"29":12,"30":1,"31":12,"32":13,"33":2,"34":1,"35":13,"36":11},"f":{"0":12,"1":2,"2":2,"3":2,"4":1,"5":1,"6":13,"7":13,"8":13,"9":13,"10":1,"11":13,"12":2,"13":1,"14":13,"15":11},"b":{"0":[1,1],"1":[1,1],"2":[13,0],"3":[13,0],"4":[1,11],"5":[1,11],"6":[1,11],"7":[13,0],"8":[12,11],"9":[12,11]},"_coverageSchema":"1a1c01bbd47fc00a2c39e90264f33305004495a9","hash":"fe462df2d1e2f7fc4f49f366e54e743a329af6d1"}
,"C:\\Users\\vismaheshwari\\Desktop\\Assignment1\\src\\components\\CartSideBar\\SideBarCart.tsx": {"path":"C:\\Users\\vismaheshwari\\Desktop\\Assignment1\\src\\components\\CartSideBar\\SideBarCart.tsx","statementMap":{"0":{"start":{"line":13,"column":30},"end":{"line":66,"column":1}},"1":{"start":{"line":14,"column":24},"end":{"line":14,"column":40}},"2":{"start":{"line":15,"column":19},"end":{"line":15,"column":32}},"3":{"start":{"line":17,"column":21},"end":{"line":20,"column":3}},"4":{"start":{"line":18,"column":21},"end":{"line":18,"column":67}},"5":{"start":{"line":21,"column":29},"end":{"line":23,"column":3}},"6":{"start":{"line":22,"column":4},"end":{"line":22,"column":19}},"7":{"start":{"line":25,"column":2},"end":{"line":65,"column":4}},"8":{"start":{"line":33,"column":10},"end":{"line":43,"column":16}}},"fnMap":{"0":{"name":"(anonymous_0)","decl":{"start":{"line":13,"column":30},"end":{"line":13,"column":31}},"loc":{"start":{"line":13,"column":36},"end":{"line":66,"column":1}},"line":13},"1":{"name":"(anonymous_1)","decl":{"start":{"line":18,"column":4},"end":{"line":18,"column":5}},"loc":{"start":{"line":18,"column":21},"end":{"line":18,"column":67}},"line":18},"2":{"name":"(anonymous_2)","decl":{"start":{"line":21,"column":29},"end":{"line":21,"column":30}},"loc":{"start":{"line":21,"column":35},"end":{"line":23,"column":3}},"line":21},"3":{"name":"(anonymous_3)","decl":{"start":{"line":32,"column":24},"end":{"line":32,"column":25}},"loc":{"start":{"line":33,"column":10},"end":{"line":43,"column":16}},"line":33}},"branchMap":{"0":{"loc":{"start":{"line":18,"column":30},"end":{"line":18,"column":66}},"type":"binary-expr","locations":[{"start":{"line":18,"column":30},"end":{"line":18,"column":51}},{"start":{"line":18,"column":55},"end":{"line":18,"column":66}}],"line":18},"1":{"loc":{"start":{"line":29,"column":9},"end":{"line":31,"column":9}},"type":"binary-expr","locations":[{"start":{"line":29,"column":9},"end":{"line":29,"column":32}},{"start":{"line":30,"column":10},"end":{"line":30,"column":66}}],"line":29},"2":{"loc":{"start":{"line":40,"column":20},"end":{"line":40,"column":54}},"type":"binary-expr","locations":[{"start":{"line":40,"column":20},"end":{"line":40,"column":40}},{"start":{"line":40,"column":44},"end":{"line":40,"column":54}}],"line":40},"3":{"loc":{"start":{"line":56,"column":24},"end":{"line":56,"column":69}},"type":"cond-expr","locations":[{"start":{"line":56,"column":49},"end":{"line":56,"column":57}},{"start":{"line":56,"column":60},"end":{"line":56,"column":69}}],"line":56}},"s":{"0":2,"1":14,"2":14,"3":14,"4":20,"5":14,"6":1,"7":14,"8":20},"f":{"0":14,"1":20,"2":1,"3":20},"b":{"0":[20,18],"1":[14,8],"2":[20,18],"3":[8,6]},"_coverageSchema":"1a1c01bbd47fc00a2c39e90264f33305004495a9","hash":"963cdc43e0bb9905d61f8b931e395c9041342bd5"}
,"C:\\Users\\vismaheshwari\\Desktop\\Assignment1\\src\\components\\CourseCard\\CourseCard.tsx": {"path":"C:\\Users\\vismaheshwari\\Desktop\\Assignment1\\src\\components\\CourseCard\\CourseCard.tsx","statementMap":{"0":{"start":{"line":14,"column":46},"end":{"line":101,"column":1}},"1":{"start":{"line":15,"column":19},"end":{"line":15,"column":32}},"2":{"start":{"line":16,"column":19},"end":{"line":16,"column":32}},"3":{"start":{"line":17,"column":48},"end":{"line":17,"column":68}},"4":{"start":{"line":19,"column":34},"end":{"line":21,"column":3}},"5":{"start":{"line":20,"column":4},"end":{"line":20,"column":40}},"6":{"start":{"line":23,"column":29},"end":{"line":25,"column":3}},"7":{"start":{"line":24,"column":14},"end":{"line":24,"column":35}},"8":{"start":{"line":26,"column":52},"end":{"line":26,"column":66}},"9":{"start":{"line":28,"column":2},"end":{"line":34,"column":61}},"10":{"start":{"line":29,"column":4},"end":{"line":33,"column":5}},"11":{"start":{"line":30,"column":6},"end":{"line":30,"column":34}},"12":{"start":{"line":32,"column":6},"end":{"line":32,"column":33}},"13":{"start":{"line":36,"column":2},"end":{"line":100,"column":4}},"14":{"start":{"line":56,"column":14},"end":{"line":56,"column":41}},"15":{"start":{"line":79,"column":33},"end":{"line":79,"column":50}},"16":{"start":{"line":86,"column":27},"end":{"line":86,"column":53}},"17":{"start":{"line":94,"column":25},"end":{"line":94,"column":59}}},"fnMap":{"0":{"name":"(anonymous_0)","decl":{"start":{"line":14,"column":46},"end":{"line":14,"column":47}},"loc":{"start":{"line":14,"column":73},"end":{"line":101,"column":1}},"line":14},"1":{"name":"(anonymous_1)","decl":{"start":{"line":19,"column":34},"end":{"line":19,"column":35}},"loc":{"start":{"line":19,"column":50},"end":{"line":21,"column":3}},"line":19},"2":{"name":"(anonymous_2)","decl":{"start":{"line":24,"column":4},"end":{"line":24,"column":5}},"loc":{"start":{"line":24,"column":14},"end":{"line":24,"column":35}},"line":24},"3":{"name":"(anonymous_3)","decl":{"start":{"line":28,"column":12},"end":{"line":28,"column":13}},"loc":{"start":{"line":28,"column":18},"end":{"line":34,"column":3}},"line":28},"4":{"name":"(anonymous_4)","decl":{"start":{"line":55,"column":21},"end":{"line":55,"column":22}},"loc":{"start":{"line":55,"column":27},"end":{"line":57,"column":13}},"line":55},"5":{"name":"(anonymous_5)","decl":{"start":{"line":79,"column":27},"end":{"line":79,"column":28}},"loc":{"start":{"line":79,"column":33},"end":{"line":79,"column":50}},"line":79},"6":{"name":"(anonymous_6)","decl":{"start":{"line":86,"column":21},"end":{"line":86,"column":22}},"loc":{"start":{"line":86,"column":27},"end":{"line":86,"column":53}},"line":86},"7":{"name":"(anonymous_7)","decl":{"start":{"line":94,"column":19},"end":{"line":94,"column":20}},"loc":{"start":{"line":94,"column":25},"end":{"line":94,"column":59}},"line":94}},"branchMap":{"0":{"loc":{"start":{"line":29,"column":4},"end":{"line":33,"column":5}},"type":"if","locations":[{"start":{"line":29,"column":4},"end":{"line":33,"column":5}},{"start":{"line":31,"column":11},"end":{"line":33,"column":5}}],"line":29},"1":{"loc":{"start":{"line":29,"column":8},"end":{"line":29,"column":68}},"type":"binary-expr","locations":[{"start":{"line":29,"column":8},"end":{"line":29,"column":38}},{"start":{"line":29,"column":42},"end":{"line":29,"column":68}}],"line":29},"2":{"loc":{"start":{"line":39,"column":35},"end":{"line":39,"column":80}},"type":"cond-expr","locations":[{"start":{"line":39,"column":64},"end":{"line":39,"column":75}},{"start":{"line":39,"column":78},"end":{"line":39,"column":80}}],"line":39},"3":{"loc":{"start":{"line":54,"column":42},"end":{"line":54,"column":76}},"type":"cond-expr","locations":[{"start":{"line":54,"column":62},"end":{"line":54,"column":64}},{"start":{"line":54,"column":67},"end":{"line":54,"column":76}}],"line":54},"4":{"loc":{"start":{"line":59,"column":13},"end":{"line":63,"column":13}},"type":"cond-expr","locations":[{"start":{"line":60,"column":14},"end":{"line":60,"column":70}},{"start":{"line":62,"column":14},"end":{"line":62,"column":62}}],"line":59},"5":{"loc":{"start":{"line":66,"column":13},"end":{"line":75,"column":13}},"type":"cond-expr","locations":[{"start":{"line":67,"column":14},"end":{"line":70,"column":18}},{"start":{"line":72,"column":14},"end":{"line":74,"column":18}}],"line":66},"6":{"loc":{"start":{"line":83,"column":9},"end":{"line":91,"column":9}},"type":"binary-expr","locations":[{"start":{"line":83,"column":9},"end":{"line":83,"column":35}},{"start":{"line":83,"column":39},"end":{"line":83,"column":57}},{"start":{"line":84,"column":10},"end":{"line":90,"column":19}}],"line":83}},"s":{"0":3,"1":75,"2":75,"3":75,"4":75,"5":1,"6":75,"7":126,"8":75,"9":75,"10":37,"11":5,"12":32,"13":75,"14":1,"15":5,"16":1,"17":1},"f":{"0":75,"1":1,"2":126,"3":37,"4":1,"5":5,"6":1,"7":1},"b":{"0":[5,32],"1":[37,32],"2":[0,75],"3":[70,5],"4":[54,21],"5":[23,52],"6":[75,75,5]},"_coverageSchema":"1a1c01bbd47fc00a2c39e90264f33305004495a9","hash":"f64450247cfdeeea312938664a85dc0f00e2c9ed"}
,"C:\\Users\\vismaheshwari\\Desktop\\Assignment1\\src\\components\\CourseDetails\\CourseDetails.tsx": {"path":"C:\\Users\\vismaheshwari\\Desktop\\Assignment1\\src\\components\\CourseDetails\\CourseDetails.tsx","statementMap":{"0":{"start":{"line":17,"column":32},"end":{"line":188,"column":1}},"1":{"start":{"line":18,"column":17},"end":{"line":18,"column":44}},"2":{"start":{"line":19,"column":34},"end":{"line":19,"column":53}},"3":{"start":{"line":20,"column":19},"end":{"line":20,"column":29}},"4":{"start":{"line":21,"column":36},"end":{"line":21,"column":51}},"5":{"start":{"line":22,"column":42},"end":{"line":22,"column":54}},"6":{"start":{"line":23,"column":34},"end":{"line":23,"column":63}},"7":{"start":{"line":24,"column":35},"end":{"line":24,"column":51}},"8":{"start":{"line":25,"column":43},"end":{"line":25,"column":63}},"9":{"start":{"line":26,"column":30},"end":{"line":37,"column":3}},"10":{"start":{"line":27,"column":32},"end":{"line":29,"column":5}},"11":{"start":{"line":28,"column":16},"end":{"line":28,"column":37}},"12":{"start":{"line":30,"column":4},"end":{"line":35,"column":5}},"13":{"start":{"line":31,"column":6},"end":{"line":31,"column":47}},"14":{"start":{"line":33,"column":6},"end":{"line":33,"column":28}},"15":{"start":{"line":34,"column":6},"end":{"line":34,"column":46}},"16":{"start":{"line":36,"column":4},"end":{"line":36,"column":23}},"17":{"start":{"line":39,"column":26},"end":{"line":48,"column":3}},"18":{"start":{"line":40,"column":28},"end":{"line":40,"column":75}},"19":{"start":{"line":40,"column":53},"end":{"line":40,"column":74}},"20":{"start":{"line":41,"column":4},"end":{"line":46,"column":5}},"21":{"start":{"line":42,"column":6},"end":{"line":42,"column":43}},"22":{"start":{"line":44,"column":6},"end":{"line":44,"column":24}},"23":{"start":{"line":45,"column":6},"end":{"line":45,"column":42}},"24":{"start":{"line":47,"column":4},"end":{"line":47,"column":23}},"25":{"start":{"line":50,"column":27},"end":{"line":52,"column":3}},"26":{"start":{"line":51,"column":4},"end":{"line":51,"column":24}},"27":{"start":{"line":54,"column":2},"end":{"line":57,"column":32}},"28":{"start":{"line":55,"column":21},"end":{"line":55,"column":66}},"29":{"start":{"line":55,"column":45},"end":{"line":55,"column":65}},"30":{"start":{"line":56,"column":4},"end":{"line":56,"column":26}},"31":{"start":{"line":59,"column":2},"end":{"line":82,"column":17}},"32":{"start":{"line":60,"column":4},"end":{"line":81,"column":5}},"33":{"start":{"line":61,"column":32},"end":{"line":75,"column":7}},"34":{"start":{"line":62,"column":24},"end":{"line":62,"column":34}},"35":{"start":{"line":63,"column":8},"end":{"line":63,"column":38}},"36":{"start":{"line":64,"column":20},"end":{"line":64,"column":30}},"37":{"start":{"line":65,"column":31},"end":{"line":65,"column":64}},"38":{"start":{"line":67,"column":8},"end":{"line":74,"column":9}},"39":{"start":{"line":68,"column":24},"end":{"line":68,"column":76}},"40":{"start":{"line":69,"column":26},"end":{"line":69,"column":73}},"41":{"start":{"line":70,"column":26},"end":{"line":70,"column":66}},"42":{"start":{"line":71,"column":10},"end":{"line":71,"column":59}},"43":{"start":{"line":73,"column":10},"end":{"line":73,"column":28}},"44":{"start":{"line":77,"column":6},"end":{"line":77,"column":26}},"45":{"start":{"line":78,"column":20},"end":{"line":78,"column":56}},"46":{"start":{"line":80,"column":6},"end":{"line":80,"column":40}},"47":{"start":{"line":80,"column":19},"end":{"line":80,"column":39}},"48":{"start":{"line":84,"column":2},"end":{"line":187,"column":4}},"49":{"start":{"line":155,"column":33},"end":{"line":155,"column":58}},"50":{"start":{"line":160,"column":33},"end":{"line":160,"column":62}}},"fnMap":{"0":{"name":"(anonymous_0)","decl":{"start":{"line":17,"column":32},"end":{"line":17,"column":33}},"loc":{"start":{"line":17,"column":38},"end":{"line":188,"column":1}},"line":17},"1":{"name":"(anonymous_1)","decl":{"start":{"line":26,"column":30},"end":{"line":26,"column":31}},"loc":{"start":{"line":26,"column":50},"end":{"line":37,"column":3}},"line":26},"2":{"name":"(anonymous_2)","decl":{"start":{"line":28,"column":6},"end":{"line":28,"column":7}},"loc":{"start":{"line":28,"column":16},"end":{"line":28,"column":37}},"line":28},"3":{"name":"(anonymous_3)","decl":{"start":{"line":39,"column":26},"end":{"line":39,"column":27}},"loc":{"start":{"line":39,"column":46},"end":{"line":48,"column":3}},"line":39},"4":{"name":"(anonymous_4)","decl":{"start":{"line":40,"column":43},"end":{"line":40,"column":44}},"loc":{"start":{"line":40,"column":53},"end":{"line":40,"column":74}},"line":40},"5":{"name":"(anonymous_5)","decl":{"start":{"line":50,"column":27},"end":{"line":50,"column":28}},"loc":{"start":{"line":50,"column":33},"end":{"line":52,"column":3}},"line":50},"6":{"name":"(anonymous_6)","decl":{"start":{"line":54,"column":12},"end":{"line":54,"column":13}},"loc":{"start":{"line":54,"column":18},"end":{"line":57,"column":3}},"line":54},"7":{"name":"(anonymous_7)","decl":{"start":{"line":55,"column":35},"end":{"line":55,"column":36}},"loc":{"start":{"line":55,"column":45},"end":{"line":55,"column":65}},"line":55},"8":{"name":"(anonymous_8)","decl":{"start":{"line":59,"column":12},"end":{"line":59,"column":13}},"loc":{"start":{"line":59,"column":18},"end":{"line":82,"column":3}},"line":59},"9":{"name":"(anonymous_9)","decl":{"start":{"line":61,"column":32},"end":{"line":61,"column":33}},"loc":{"start":{"line":61,"column":38},"end":{"line":75,"column":7}},"line":61},"10":{"name":"(anonymous_10)","decl":{"start":{"line":80,"column":13},"end":{"line":80,"column":14}},"loc":{"start":{"line":80,"column":19},"end":{"line":80,"column":39}},"line":80},"11":{"name":"(anonymous_11)","decl":{"start":{"line":155,"column":27},"end":{"line":155,"column":28}},"loc":{"start":{"line":155,"column":33},"end":{"line":155,"column":58}},"line":155},"12":{"name":"(anonymous_12)","decl":{"start":{"line":160,"column":27},"end":{"line":160,"column":28}},"loc":{"start":{"line":160,"column":33},"end":{"line":160,"column":62}},"line":160}},"branchMap":{"0":{"loc":{"start":{"line":30,"column":4},"end":{"line":35,"column":5}},"type":"if","locations":[{"start":{"line":30,"column":4},"end":{"line":35,"column":5}},{"start":{"line":32,"column":11},"end":{"line":35,"column":5}}],"line":30},"1":{"loc":{"start":{"line":41,"column":4},"end":{"line":46,"column":5}},"type":"if","locations":[{"start":{"line":41,"column":4},"end":{"line":46,"column":5}},{"start":{"line":43,"column":11},"end":{"line":46,"column":5}}],"line":41},"2":{"loc":{"start":{"line":60,"column":4},"end":{"line":81,"column":5}},"type":"if","locations":[{"start":{"line":60,"column":4},"end":{"line":81,"column":5}},{"start":{},"end":{}}],"line":60},"3":{"loc":{"start":{"line":60,"column":8},"end":{"line":60,"column":38}},"type":"binary-expr","locations":[{"start":{"line":60,"column":8},"end":{"line":60,"column":16}},{"start":{"line":60,"column":20},"end":{"line":60,"column":38}}],"line":60},"4":{"loc":{"start":{"line":67,"column":8},"end":{"line":74,"column":9}},"type":"if","locations":[{"start":{"line":67,"column":8},"end":{"line":74,"column":9}},{"start":{"line":72,"column":15},"end":{"line":74,"column":9}}],"line":67},"5":{"loc":{"start":{"line":86,"column":7},"end":{"line":180,"column":7}},"type":"binary-expr","locations":[{"start":{"line":86,"column":7},"end":{"line":86,"column":15}},{"start":{"line":87,"column":8},"end":{"line":179,"column":14}}],"line":86},"6":{"loc":{"start":{"line":96,"column":15},"end":{"line":96,"column":51}},"type":"binary-expr","locations":[{"start":{"line":96,"column":15},"end":{"line":96,"column":30}},{"start":{"line":96,"column":34},"end":{"line":96,"column":51}}],"line":96},"7":{"loc":{"start":{"line":99,"column":15},"end":{"line":99,"column":51}},"type":"binary-expr","locations":[{"start":{"line":99,"column":15},"end":{"line":99,"column":30}},{"start":{"line":99,"column":34},"end":{"line":99,"column":51}}],"line":99},"8":{"loc":{"start":{"line":102,"column":15},"end":{"line":102,"column":51}},"type":"binary-expr","locations":[{"start":{"line":102,"column":15},"end":{"line":102,"column":33}},{"start":{"line":102,"column":37},"end":{"line":102,"column":51}}],"line":102},"9":{"loc":{"start":{"line":115,"column":17},"end":{"line":115,"column":76}},"type":"binary-expr","locations":[{"start":{"line":115,"column":17},"end":{"line":115,"column":53}},{"start":{"line":115,"column":57},"end":{"line":115,"column":76}}],"line":115},"10":{"loc":{"start":{"line":118,"column":17},"end":{"line":118,"column":76}},"type":"binary-expr","locations":[{"start":{"line":118,"column":17},"end":{"line":118,"column":53}},{"start":{"line":118,"column":57},"end":{"line":118,"column":76}}],"line":118},"11":{"loc":{"start":{"line":121,"column":17},"end":{"line":121,"column":76}},"type":"binary-expr","locations":[{"start":{"line":121,"column":17},"end":{"line":121,"column":53}},{"start":{"line":121,"column":57},"end":{"line":121,"column":76}}],"line":121},"12":{"loc":{"start":{"line":124,"column":17},"end":{"line":124,"column":76}},"type":"binary-expr","locations":[{"start":{"line":124,"column":17},"end":{"line":124,"column":53}},{"start":{"line":124,"column":57},"end":{"line":124,"column":76}}],"line":124},"13":{"loc":{"start":{"line":127,"column":17},"end":{"line":127,"column":76}},"type":"binary-expr","locations":[{"start":{"line":127,"column":17},"end":{"line":127,"column":53}},{"start":{"line":127,"column":57},"end":{"line":127,"column":76}}],"line":127},"14":{"loc":{"start":{"line":134,"column":17},"end":{"line":138,"column":35}},"type":"cond-expr","locations":[{"start":{"line":135,"column":20},"end":{"line":137,"column":37}},{"start":{"line":138,"column":20},"end":{"line":138,"column":35}}],"line":134},"15":{"loc":{"start":{"line":135,"column":20},"end":{"line":137,"column":37}},"type":"cond-expr","locations":[{"start":{"line":136,"column":22},"end":{"line":136,"column":47}},{"start":{"line":137,"column":22},"end":{"line":137,"column":37}}],"line":135},"16":{"loc":{"start":{"line":141,"column":15},"end":{"line":143,"column":15}},"type":"binary-expr","locations":[{"start":{"line":141,"column":15},"end":{"line":141,"column":40}},{"start":{"line":141,"column":44},"end":{"line":141,"column":52}},{"start":{"line":142,"column":16},"end":{"line":142,"column":70}}],"line":141},"17":{"loc":{"start":{"line":144,"column":15},"end":{"line":150,"column":15}},"type":"binary-expr","locations":[{"start":{"line":144,"column":15},"end":{"line":144,"column":23}},{"start":{"line":145,"column":16},"end":{"line":149,"column":20}}],"line":144}},"s":{"0":1,"1":30,"2":30,"3":29,"4":29,"5":29,"6":29,"7":29,"8":29,"9":29,"10":2,"11":1,"12":2,"13":1,"14":1,"15":1,"16":2,"17":29,"18":2,"19":1,"20":2,"21":1,"22":1,"23":1,"24":2,"25":29,"26":1,"27":29,"28":8,"29":8,"30":8,"31":29,"32":16,"33":8,"34":23,"35":23,"36":23,"37":23,"38":23,"39":23,"40":23,"41":23,"42":23,"43":0,"44":8,"45":8,"46":8,"47":8,"48":29,"49":2,"50":2},"f":{"0":30,"1":2,"2":1,"3":2,"4":1,"5":1,"6":8,"7":8,"8":16,"9":23,"10":8,"11":2,"12":2},"b":{"0":[1,1],"1":[1,1],"2":[8,8],"3":[16,8],"4":[23,0],"5":[29,21],"6":[21,0],"7":[21,0],"8":[21,0],"9":[21,0],"10":[21,0],"11":[21,0],"12":[21,0],"13":[21,0],"14":[13,8],"15":[13,0],"16":[21,21,13],"17":[21,13]},"_coverageSchema":"1a1c01bbd47fc00a2c39e90264f33305004495a9","hash":"30f07e42e5ba9bf3e2a0b93c7a9a3952a625234d"}
,"C:\\Users\\vismaheshwari\\Desktop\\Assignment1\\src\\components\\CourseList\\CourseList.tsx": {"path":"C:\\Users\\vismaheshwari\\Desktop\\Assignment1\\src\\components\\CourseList\\CourseList.tsx","statementMap":{"0":{"start":{"line":23,"column":29},"end":{"line":156,"column":1}},"1":{"start":{"line":24,"column":39},"end":{"line":24,"column":67}},"2":{"start":{"line":25,"column":40},"end":{"line":25,"column":51}},"3":{"start":{"line":26,"column":36},"end":{"line":26,"column":51}},"4":{"start":{"line":27,"column":42},"end":{"line":27,"column":54}},"5":{"start":{"line":28,"column":38},"end":{"line":28,"column":50}},"6":{"start":{"line":29,"column":38},"end":{"line":29,"column":50}},"7":{"start":{"line":30,"column":19},"end":{"line":30,"column":32}},"8":{"start":{"line":31,"column":28},"end":{"line":31,"column":48}},"9":{"start":{"line":32,"column":35},"end":{"line":32,"column":51}},"10":{"start":{"line":34,"column":2},"end":{"line":41,"column":41}},"11":{"start":{"line":35,"column":4},"end":{"line":39,"column":5}},"12":{"start":{"line":36,"column":6},"end":{"line":36,"column":35}},"13":{"start":{"line":38,"column":6},"end":{"line":38,"column":30}},"14":{"start":{"line":40,"column":4},"end":{"line":40,"column":22}},"15":{"start":{"line":43,"column":23},"end":{"line":51,"column":3}},"16":{"start":{"line":44,"column":4},"end":{"line":44,"column":25}},"17":{"start":{"line":45,"column":28},"end":{"line":49,"column":5}},"18":{"start":{"line":48,"column":6},"end":{"line":48,"column":63}},"19":{"start":{"line":50,"column":4},"end":{"line":50,"column":35}},"20":{"start":{"line":53,"column":27},"end":{"line":55,"column":3}},"21":{"start":{"line":54,"column":4},"end":{"line":54,"column":38}},"22":{"start":{"line":57,"column":28},"end":{"line":61,"column":3}},"23":{"start":{"line":58,"column":4},"end":{"line":60,"column":22}},"24":{"start":{"line":63,"column":24},"end":{"line":73,"column":4}},"25":{"start":{"line":64,"column":19},"end":{"line":64,"column":39}},"26":{"start":{"line":65,"column":19},"end":{"line":65,"column":39}},"27":{"start":{"line":67,"column":4},"end":{"line":71,"column":5}},"28":{"start":{"line":68,"column":6},"end":{"line":68,"column":29}},"29":{"start":{"line":69,"column":11},"end":{"line":71,"column":5}},"30":{"start":{"line":70,"column":6},"end":{"line":70,"column":29}},"31":{"start":{"line":72,"column":4},"end":{"line":72,"column":13}},"32":{"start":{"line":75,"column":25},"end":{"line":75,"column":26}},"33":{"start":{"line":76,"column":28},"end":{"line":76,"column":56}},"34":{"start":{"line":77,"column":29},"end":{"line":77,"column":63}},"35":{"start":{"line":78,"column":25},"end":{"line":81,"column":3}},"36":{"start":{"line":83,"column":21},"end":{"line":83,"column":69}},"37":{"start":{"line":85,"column":26},"end":{"line":94,"column":3}},"38":{"start":{"line":86,"column":28},"end":{"line":86,"column":77}},"39":{"start":{"line":86,"column":53},"end":{"line":86,"column":76}},"40":{"start":{"line":87,"column":4},"end":{"line":92,"column":5}},"41":{"start":{"line":88,"column":6},"end":{"line":88,"column":43}},"42":{"start":{"line":90,"column":6},"end":{"line":90,"column":24}},"43":{"start":{"line":91,"column":6},"end":{"line":91,"column":42}},"44":{"start":{"line":93,"column":4},"end":{"line":93,"column":23}},"45":{"start":{"line":96,"column":27},"end":{"line":98,"column":3}},"46":{"start":{"line":97,"column":4},"end":{"line":97,"column":31}},"47":{"start":{"line":100,"column":27},"end":{"line":102,"column":3}},"48":{"start":{"line":101,"column":4},"end":{"line":101,"column":24}},"49":{"start":{"line":104,"column":2},"end":{"line":155,"column":4}},"50":{"start":{"line":132,"column":14},"end":{"line":136,"column":16}}},"fnMap":{"0":{"name":"(anonymous_0)","decl":{"start":{"line":23,"column":29},"end":{"line":23,"column":30}},"loc":{"start":{"line":23,"column":35},"end":{"line":156,"column":1}},"line":23},"1":{"name":"(anonymous_1)","decl":{"start":{"line":34,"column":12},"end":{"line":34,"column":13}},"loc":{"start":{"line":34,"column":18},"end":{"line":41,"column":3}},"line":34},"2":{"name":"(anonymous_2)","decl":{"start":{"line":43,"column":23},"end":{"line":43,"column":24}},"loc":{"start":{"line":43,"column":42},"end":{"line":51,"column":3}},"line":43},"3":{"name":"(anonymous_3)","decl":{"start":{"line":47,"column":14},"end":{"line":47,"column":15}},"loc":{"start":{"line":48,"column":6},"end":{"line":48,"column":63}},"line":48},"4":{"name":"(anonymous_4)","decl":{"start":{"line":53,"column":27},"end":{"line":53,"column":28}},"loc":{"start":{"line":53,"column":76},"end":{"line":55,"column":3}},"line":53},"5":{"name":"(anonymous_5)","decl":{"start":{"line":57,"column":28},"end":{"line":57,"column":29}},"loc":{"start":{"line":57,"column":48},"end":{"line":61,"column":3}},"line":57},"6":{"name":"(anonymous_6)","decl":{"start":{"line":63,"column":47},"end":{"line":63,"column":48}},"loc":{"start":{"line":63,"column":57},"end":{"line":73,"column":3}},"line":63},"7":{"name":"(anonymous_7)","decl":{"start":{"line":85,"column":26},"end":{"line":85,"column":27}},"loc":{"start":{"line":85,"column":46},"end":{"line":94,"column":3}},"line":85},"8":{"name":"(anonymous_8)","decl":{"start":{"line":86,"column":43},"end":{"line":86,"column":44}},"loc":{"start":{"line":86,"column":53},"end":{"line":86,"column":76}},"line":86},"9":{"name":"(anonymous_9)","decl":{"start":{"line":96,"column":27},"end":{"line":96,"column":28}},"loc":{"start":{"line":96,"column":51},"end":{"line":98,"column":3}},"line":96},"10":{"name":"(anonymous_10)","decl":{"start":{"line":100,"column":27},"end":{"line":100,"column":28}},"loc":{"start":{"line":100,"column":33},"end":{"line":102,"column":3}},"line":100},"11":{"name":"(anonymous_11)","decl":{"start":{"line":131,"column":31},"end":{"line":131,"column":32}},"loc":{"start":{"line":132,"column":14},"end":{"line":136,"column":16}},"line":132}},"branchMap":{"0":{"loc":{"start":{"line":35,"column":4},"end":{"line":39,"column":5}},"type":"if","locations":[{"start":{"line":35,"column":4},"end":{"line":39,"column":5}},{"start":{"line":37,"column":11},"end":{"line":39,"column":5}}],"line":35},"1":{"loc":{"start":{"line":46,"column":6},"end":{"line":46,"column":63}},"type":"cond-expr","locations":[{"start":{"line":46,"column":39},"end":{"line":46,"column":52}},{"start":{"line":46,"column":55},"end":{"line":46,"column":63}}],"line":46},"2":{"loc":{"start":{"line":58,"column":11},"end":{"line":60,"column":21}},"type":"cond-expr","locations":[{"start":{"line":59,"column":8},"end":{"line":59,"column":31}},{"start":{"line":60,"column":8},"end":{"line":60,"column":21}}],"line":58},"3":{"loc":{"start":{"line":58,"column":11},"end":{"line":58,"column":77}},"type":"binary-expr","locations":[{"start":{"line":58,"column":11},"end":{"line":58,"column":34}},{"start":{"line":58,"column":38},"end":{"line":58,"column":77}}],"line":58},"4":{"loc":{"start":{"line":67,"column":4},"end":{"line":71,"column":5}},"type":"if","locations":[{"start":{"line":67,"column":4},"end":{"line":71,"column":5}},{"start":{"line":69,"column":11},"end":{"line":71,"column":5}}],"line":67},"5":{"loc":{"start":{"line":69,"column":11},"end":{"line":71,"column":5}},"type":"if","locations":[{"start":{"line":69,"column":11},"end":{"line":71,"column":5}},{"start":{},"end":{}}],"line":69},"6":{"loc":{"start":{"line":87,"column":4},"end":{"line":92,"column":5}},"type":"if","locations":[{"start":{"line":87,"column":4},"end":{"line":92,"column":5}},{"start":{"line":89,"column":11},"end":{"line":92,"column":5}}],"line":87},"7":{"loc":{"start":{"line":107,"column":39},"end":{"line":107,"column":65}},"type":"cond-expr","locations":[{"start":{"line":107,"column":51},"end":{"line":107,"column":60}},{"start":{"line":107,"column":63},"end":{"line":107,"column":65}}],"line":107},"8":{"loc":{"start":{"line":110,"column":15},"end":{"line":110,"column":73}},"type":"cond-expr","locations":[{"start":{"line":110,"column":48},"end":{"line":110,"column":59}},{"start":{"line":110,"column":62},"end":{"line":110,"column":73}}],"line":110},"9":{"loc":{"start":{"line":117,"column":11},"end":{"line":121,"column":11}},"type":"binary-expr","locations":[{"start":{"line":117,"column":11},"end":{"line":117,"column":41}},{"start":{"line":117,"column":45},"end":{"line":117,"column":71}},{"start":{"line":118,"column":12},"end":{"line":120,"column":16}}],"line":117},"10":{"loc":{"start":{"line":122,"column":11},"end":{"line":126,"column":11}},"type":"binary-expr","locations":[{"start":{"line":122,"column":11},"end":{"line":122,"column":21}},{"start":{"line":122,"column":25},"end":{"line":122,"column":49}},{"start":{"line":123,"column":12},"end":{"line":125,"column":16}}],"line":122},"11":{"loc":{"start":{"line":127,"column":11},"end":{"line":129,"column":11}},"type":"binary-expr","locations":[{"start":{"line":127,"column":11},"end":{"line":127,"column":41}},{"start":{"line":127,"column":45},"end":{"line":127,"column":69}},{"start":{"line":128,"column":12},"end":{"line":128,"column":61}}],"line":127},"12":{"loc":{"start":{"line":130,"column":11},"end":{"line":137,"column":14}},"type":"binary-expr","locations":[{"start":{"line":130,"column":11},"end":{"line":130,"column":36}},{"start":{"line":131,"column":12},"end":{"line":137,"column":14}}],"line":130}},"s":{"0":1,"1":13,"2":13,"3":13,"4":13,"5":13,"6":13,"7":13,"8":13,"9":13,"10":13,"11":6,"12":0,"13":6,"14":6,"15":13,"16":0,"17":0,"18":0,"19":0,"20":13,"21":0,"22":13,"23":78,"24":13,"25":39,"26":39,"27":39,"28":0,"29":39,"30":0,"31":39,"32":13,"33":13,"34":13,"35":13,"36":13,"37":13,"38":2,"39":1,"40":2,"41":1,"42":1,"43":1,"44":2,"45":13,"46":0,"47":13,"48":2,"49":13,"50":52},"f":{"0":13,"1":6,"2":0,"3":0,"4":0,"5":78,"6":39,"7":2,"8":1,"9":0,"10":2,"11":52},"b":{"0":[0,6],"1":[0,0],"2":[0,78],"3":[78,0],"4":[0,39],"5":[0,39],"6":[1,1],"7":[4,9],"8":[13,0],"9":[13,0,0],"10":[13,0,0],"11":[13,13,0],"12":[13,13]},"_coverageSchema":"1a1c01bbd47fc00a2c39e90264f33305004495a9","hash":"6d9094f66bba7bfba9e5de0778b7a1109cadba7d"}
,"C:\\Users\\vismaheshwari\\Desktop\\Assignment1\\src\\components\\Dashboard\\Dashboard.tsx": {"path":"C:\\Users\\vismaheshwari\\Desktop\\Assignment1\\src\\components\\Dashboard\\Dashboard.tsx","statementMap":{"0":{"start":{"line":6,"column":44},"end":{"line":15,"column":1}},"1":{"start":{"line":7,"column":2},"end":{"line":14,"column":4}}},"fnMap":{"0":{"name":"(anonymous_0)","decl":{"start":{"line":6,"column":44},"end":{"line":6,"column":45}},"loc":{"start":{"line":6,"column":58},"end":{"line":15,"column":1}},"line":6}},"branchMap":{},"s":{"0":1,"1":2},"f":{"0":2},"b":{},"_coverageSchema":"1a1c01bbd47fc00a2c39e90264f33305004495a9","hash":"85e9ba44d3034fb8cc26adbfa79eeb6b5f6c543f"}
,"C:\\Users\\vismaheshwari\\Desktop\\Assignment1\\src\\components\\Footer\\Footer.tsx": {"path":"C:\\Users\\vismaheshwari\\Desktop\\Assignment1\\src\\components\\Footer\\Footer.tsx","statementMap":{"0":{"start":{"line":5,"column":25},"end":{"line":17,"column":1}},"1":{"start":{"line":6,"column":20},"end":{"line":6,"column":30}},"2":{"start":{"line":7,"column":19},"end":{"line":7,"column":32}},"3":{"start":{"line":8,"column":2},"end":{"line":16,"column":4}}},"fnMap":{"0":{"name":"(anonymous_0)","decl":{"start":{"line":5,"column":25},"end":{"line":5,"column":26}},"loc":{"start":{"line":5,"column":31},"end":{"line":17,"column":1}},"line":5}},"branchMap":{"0":{"loc":{"start":{"line":10,"column":7},"end":{"line":14,"column":7}},"type":"binary-expr","locations":[{"start":{"line":10,"column":7},"end":{"line":10,"column":39}},{"start":{"line":11,"column":8},"end":{"line":13,"column":14}}],"line":10}},"s":{"0":1,"1":2,"2":2,"3":2},"f":{"0":2},"b":{"0":[2,1]},"_coverageSchema":"1a1c01bbd47fc00a2c39e90264f33305004495a9","hash":"674b7a2fc6ae1ca5b2af29497e356a6828d08cd4"}
,"C:\\Users\\vismaheshwari\\Desktop\\Assignment1\\src\\components\\InputBox\\InputBox.tsx": {"path":"C:\\Users\\vismaheshwari\\Desktop\\Assignment1\\src\\components\\InputBox\\InputBox.tsx","statementMap":{"0":{"start":{"line":8,"column":42},"end":{"line":41,"column":1}},"1":{"start":{"line":9,"column":40},"end":{"line":9,"column":60}},"2":{"start":{"line":11,"column":19},"end":{"line":11,"column":32}},"3":{"start":{"line":12,"column":2},"end":{"line":19,"column":30}},"4":{"start":{"line":13,"column":20},"end":{"line":15,"column":11}},"5":{"start":{"line":14,"column":6},"end":{"line":14,"column":28}},"6":{"start":{"line":16,"column":4},"end":{"line":18,"column":6}},"7":{"start":{"line":17,"column":6},"end":{"line":17,"column":28}},"8":{"start":{"line":21,"column":2},"end":{"line":40,"column":4}},"9":{"start":{"line":34,"column":25},"end":{"line":34,"column":55}}},"fnMap":{"0":{"name":"(anonymous_0)","decl":{"start":{"line":8,"column":42},"end":{"line":8,"column":43}},"loc":{"start":{"line":8,"column":60},"end":{"line":41,"column":1}},"line":8},"1":{"name":"(anonymous_1)","decl":{"start":{"line":12,"column":12},"end":{"line":12,"column":13}},"loc":{"start":{"line":12,"column":18},"end":{"line":19,"column":3}},"line":12},"2":{"name":"(anonymous_2)","decl":{"start":{"line":13,"column":31},"end":{"line":13,"column":32}},"loc":{"start":{"line":13,"column":37},"end":{"line":15,"column":5}},"line":13},"3":{"name":"(anonymous_3)","decl":{"start":{"line":16,"column":11},"end":{"line":16,"column":12}},"loc":{"start":{"line":16,"column":17},"end":{"line":18,"column":5}},"line":16},"4":{"name":"(anonymous_4)","decl":{"start":{"line":34,"column":18},"end":{"line":34,"column":19}},"loc":{"start":{"line":34,"column":25},"end":{"line":34,"column":55}},"line":34}},"branchMap":{"0":{"loc":{"start":{"line":25,"column":20},"end":{"line":25,"column":79}},"type":"cond-expr","locations":[{"start":{"line":25,"column":59},"end":{"line":25,"column":67}},{"start":{"line":25,"column":70},"end":{"line":25,"column":79}}],"line":25}},"s":{"0":2,"1":18,"2":18,"3":18,"4":18,"5":1,"6":18,"7":18,"8":18,"9":4},"f":{"0":18,"1":18,"2":1,"3":18,"4":4},"b":{"0":[0,18]},"_coverageSchema":"1a1c01bbd47fc00a2c39e90264f33305004495a9","hash":"0cb68fb7ad496aa61089f202225912d72cefa2e7"}
,"C:\\Users\\vismaheshwari\\Desktop\\Assignment1\\src\\components\\Navbar\\Navbar.tsx": {"path":"C:\\Users\\vismaheshwari\\Desktop\\Assignment1\\src\\components\\Navbar\\Navbar.tsx","statementMap":{"0":{"start":{"line":8,"column":25},"end":{"line":53,"column":1}},"1":{"start":{"line":9,"column":19},"end":{"line":9,"column":32}},"2":{"start":{"line":10,"column":24},"end":{"line":10,"column":40}},"3":{"start":{"line":11,"column":26},"end":{"line":11,"column":38}},"4":{"start":{"line":12,"column":2},"end":{"line":52,"column":4}}},"fnMap":{"0":{"name":"(anonymous_0)","decl":{"start":{"line":8,"column":25},"end":{"line":8,"column":26}},"loc":{"start":{"line":8,"column":31},"end":{"line":53,"column":1}},"line":8}},"branchMap":{"0":{"loc":{"start":{"line":14,"column":7},"end":{"line":50,"column":7}},"type":"binary-expr","locations":[{"start":{"line":14,"column":7},"end":{"line":14,"column":42}},{"start":{"line":15,"column":8},"end":{"line":49,"column":14}}],"line":14},"1":{"loc":{"start":{"line":31,"column":17},"end":{"line":31,"column":71}},"type":"binary-expr","locations":[{"start":{"line":31,"column":17},"end":{"line":31,"column":37}},{"start":{"line":31,"column":41},"end":{"line":31,"column":71}}],"line":31},"2":{"loc":{"start":{"line":36,"column":17},"end":{"line":45,"column":17}},"type":"cond-expr","locations":[{"start":{"line":37,"column":18},"end":{"line":42,"column":24}},{"start":{"line":44,"column":18},"end":{"line":44,"column":61}}],"line":36}},"s":{"0":1,"1":5,"2":5,"3":5,"4":5},"f":{"0":5},"b":{"0":[5,5],"1":[5,0],"2":[0,5]},"_coverageSchema":"1a1c01bbd47fc00a2c39e90264f33305004495a9","hash":"cf6b15949f26c9c838047e1cb95faa22d8eaebb2"}
,"C:\\Users\\vismaheshwari\\Desktop\\Assignment1\\src\\components\\Pagination\\Pagination.tsx": {"path":"C:\\Users\\vismaheshwari\\Desktop\\Assignment1\\src\\components\\Pagination\\Pagination.tsx","statementMap":{"0":{"start":{"line":10,"column":46},"end":{"line":52,"column":1}},"1":{"start":{"line":15,"column":34},"end":{"line":49,"column":3}},"2":{"start":{"line":16,"column":35},"end":{"line":16,"column":37}},"3":{"start":{"line":17,"column":22},"end":{"line":17,"column":50}},"4":{"start":{"line":18,"column":20},"end":{"line":18,"column":55}},"5":{"start":{"line":20,"column":4},"end":{"line":26,"column":5}},"6":{"start":{"line":21,"column":6},"end":{"line":25,"column":8}},"7":{"start":{"line":22,"column":42},"end":{"line":22,"column":71}},"8":{"start":{"line":28,"column":4},"end":{"line":38,"column":5}},"9":{"start":{"line":28,"column":17},"end":{"line":28,"column":26}},"10":{"start":{"line":29,"column":6},"end":{"line":37,"column":8}},"11":{"start":{"line":32,"column":25},"end":{"line":32,"column":40}},"12":{"start":{"line":40,"column":4},"end":{"line":46,"column":5}},"13":{"start":{"line":41,"column":6},"end":{"line":45,"column":8}},"14":{"start":{"line":42,"column":42},"end":{"line":42,"column":71}},"15":{"start":{"line":48,"column":4},"end":{"line":48,"column":19}},"16":{"start":{"line":51,"column":2},"end":{"line":51,"column":71}}},"fnMap":{"0":{"name":"(anonymous_0)","decl":{"start":{"line":10,"column":46},"end":{"line":10,"column":47}},"loc":{"start":{"line":14,"column":6},"end":{"line":52,"column":1}},"line":14},"1":{"name":"(anonymous_1)","decl":{"start":{"line":15,"column":34},"end":{"line":15,"column":35}},"loc":{"start":{"line":15,"column":40},"end":{"line":49,"column":3}},"line":15},"2":{"name":"(anonymous_2)","decl":{"start":{"line":22,"column":36},"end":{"line":22,"column":37}},"loc":{"start":{"line":22,"column":42},"end":{"line":22,"column":71}},"line":22},"3":{"name":"(anonymous_3)","decl":{"start":{"line":32,"column":19},"end":{"line":32,"column":20}},"loc":{"start":{"line":32,"column":25},"end":{"line":32,"column":40}},"line":32},"4":{"name":"(anonymous_4)","decl":{"start":{"line":42,"column":36},"end":{"line":42,"column":37}},"loc":{"start":{"line":42,"column":42},"end":{"line":42,"column":71}},"line":42}},"branchMap":{"0":{"loc":{"start":{"line":20,"column":4},"end":{"line":26,"column":5}},"type":"if","locations":[{"start":{"line":20,"column":4},"end":{"line":26,"column":5}},{"start":{},"end":{}}],"line":20},"1":{"loc":{"start":{"line":33,"column":21},"end":{"line":33,"column":54}},"type":"cond-expr","locations":[{"start":{"line":33,"column":41},"end":{"line":33,"column":49}},{"start":{"line":33,"column":52},"end":{"line":33,"column":54}}],"line":33},"2":{"loc":{"start":{"line":40,"column":4},"end":{"line":46,"column":5}},"type":"if","locations":[{"start":{"line":40,"column":4},"end":{"line":46,"column":5}},{"start":{},"end":{}}],"line":40}},"s":{"0":2,"1":18,"2":18,"3":18,"4":18,"5":18,"6":4,"7":1,"8":18,"9":18,"10":25,"11":1,"12":18,"13":6,"14":1,"15":18,"16":18},"f":{"0":18,"1":18,"2":1,"3":1,"4":1},"b":{"0":[4,14],"1":[18,7],"2":[6,12]},"_coverageSchema":"1a1c01bbd47fc00a2c39e90264f33305004495a9","hash":"7a8b1ec67ce4ed39c7007cbba4413aaf98193e7a"}
,"C:\\Users\\vismaheshwari\\Desktop\\Assignment1\\src\\components\\Popup\\Popup.tsx": {"path":"C:\\Users\\vismaheshwari\\Desktop\\Assignment1\\src\\components\\Popup\\Popup.tsx","statementMap":{"0":{"start":{"line":16,"column":36},"end":{"line":142,"column":1}},"1":{"start":{"line":17,"column":19},"end":{"line":17,"column":32}},"2":{"start":{"line":18,"column":19},"end":{"line":18,"column":32}},"3":{"start":{"line":19,"column":17},"end":{"line":19,"column":44}},"4":{"start":{"line":21,"column":4},"end":{"line":21,"column":18}},"5":{"start":{"line":23,"column":2},"end":{"line":141,"column":11}},"6":{"start":{"line":62,"column":16},"end":{"line":62,"column":33}},"7":{"start":{"line":84,"column":16},"end":{"line":84,"column":33}}},"fnMap":{"0":{"name":"(anonymous_0)","decl":{"start":{"line":16,"column":36},"end":{"line":16,"column":37}},"loc":{"start":{"line":16,"column":73},"end":{"line":142,"column":1}},"line":16},"1":{"name":"navigateToHome","decl":{"start":{"line":20,"column":11},"end":{"line":20,"column":25}},"loc":{"start":{"line":20,"column":28},"end":{"line":22,"column":3}},"line":20},"2":{"name":"(anonymous_2)","decl":{"start":{"line":61,"column":23},"end":{"line":61,"column":24}},"loc":{"start":{"line":61,"column":29},"end":{"line":63,"column":15}},"line":61},"3":{"name":"(anonymous_3)","decl":{"start":{"line":83,"column":23},"end":{"line":83,"column":24}},"loc":{"start":{"line":83,"column":29},"end":{"line":85,"column":15}},"line":83}},"branchMap":{"0":{"loc":{"start":{"line":23,"column":9},"end":{"line":141,"column":10}},"type":"cond-expr","locations":[{"start":{"line":24,"column":4},"end":{"line":140,"column":10}},{"start":{"line":141,"column":6},"end":{"line":141,"column":10}}],"line":23},"1":{"loc":{"start":{"line":26,"column":9},"end":{"line":47,"column":11}},"type":"binary-expr","locations":[{"start":{"line":26,"column":9},"end":{"line":26,"column":38}},{"start":{"line":27,"column":10},"end":{"line":27,"column":39}},{"start":{"line":28,"column":10},"end":{"line":28,"column":57}},{"start":{"line":29,"column":12},"end":{"line":46,"column":15}}],"line":26},"2":{"loc":{"start":{"line":41,"column":23},"end":{"line":41,"column":79}},"type":"cond-expr","locations":[{"start":{"line":41,"column":53},"end":{"line":41,"column":64}},{"start":{"line":41,"column":67},"end":{"line":41,"column":79}}],"line":41},"3":{"loc":{"start":{"line":44,"column":17},"end":{"line":44,"column":79}},"type":"cond-expr","locations":[{"start":{"line":44,"column":47},"end":{"line":44,"column":54}},{"start":{"line":44,"column":57},"end":{"line":44,"column":79}}],"line":44},"4":{"loc":{"start":{"line":48,"column":9},"end":{"line":68,"column":9}},"type":"binary-expr","locations":[{"start":{"line":48,"column":9},"end":{"line":48,"column":38}},{"start":{"line":49,"column":10},"end":{"line":67,"column":13}}],"line":48},"5":{"loc":{"start":{"line":69,"column":9},"end":{"line":90,"column":9}},"type":"binary-expr","locations":[{"start":{"line":69,"column":9},"end":{"line":69,"column":38}},{"start":{"line":70,"column":10},"end":{"line":89,"column":13}}],"line":69},"6":{"loc":{"start":{"line":91,"column":9},"end":{"line":116,"column":11}},"type":"binary-expr","locations":[{"start":{"line":91,"column":9},"end":{"line":91,"column":56}},{"start":{"line":92,"column":11},"end":{"line":92,"column":47}},{"start":{"line":93,"column":12},"end":{"line":93,"column":54}},{"start":{"line":94,"column":12},"end":{"line":115,"column":15}}],"line":91},"7":{"loc":{"start":{"line":107,"column":20},"end":{"line":109,"column":36}},"type":"cond-expr","locations":[{"start":{"line":108,"column":24},"end":{"line":108,"column":35}},{"start":{"line":109,"column":24},"end":{"line":109,"column":36}}],"line":107},"8":{"loc":{"start":{"line":117,"column":9},"end":{"line":138,"column":11}},"type":"binary-expr","locations":[{"start":{"line":117,"column":9},"end":{"line":117,"column":56}},{"start":{"line":118,"column":11},"end":{"line":118,"column":38}},{"start":{"line":119,"column":12},"end":{"line":119,"column":46}},{"start":{"line":120,"column":12},"end":{"line":137,"column":15}}],"line":117},"9":{"loc":{"start":{"line":132,"column":23},"end":{"line":132,"column":79}},"type":"cond-expr","locations":[{"start":{"line":132,"column":53},"end":{"line":132,"column":64}},{"start":{"line":132,"column":67},"end":{"line":132,"column":79}}],"line":132}},"s":{"0":4,"1":58,"2":58,"3":58,"4":2,"5":58,"6":1,"7":1},"f":{"0":58,"1":2,"2":1,"3":1},"b":{"0":[13,45],"1":[13,12,11,11],"2":[4,7],"3":[4,7],"4":[13,1],"5":[13,1],"6":[13,0,0,0],"7":[0,0],"8":[13,0,0,0],"9":[0,0]},"_coverageSchema":"1a1c01bbd47fc00a2c39e90264f33305004495a9","hash":"7c45d8237ff4924154a0b28559d3d3c5c5737e9b"}
,"C:\\Users\\vismaheshwari\\Desktop\\Assignment1\\src\\components\\SortSelect\\SortSelect.tsx": {"path":"C:\\Users\\vismaheshwari\\Desktop\\Assignment1\\src\\components\\SortSelect\\SortSelect.tsx","statementMap":{"0":{"start":{"line":8,"column":46},"end":{"line":24,"column":1}},"1":{"start":{"line":12,"column":2},"end":{"line":23,"column":4}}},"fnMap":{"0":{"name":"(anonymous_0)","decl":{"start":{"line":8,"column":46},"end":{"line":8,"column":47}},"loc":{"start":{"line":11,"column":6},"end":{"line":24,"column":1}},"line":11}},"branchMap":{},"s":{"0":2,"1":14},"f":{"0":14},"b":{},"_coverageSchema":"1a1c01bbd47fc00a2c39e90264f33305004495a9","hash":"c881c55dd1edde24f6ec0bf933280256242e03fd"}
,"C:\\Users\\vismaheshwari\\Desktop\\Assignment1\\src\\context\\CartContext.tsx": {"path":"C:\\Users\\vismaheshwari\\Desktop\\Assignment1\\src\\context\\CartContext.tsx","statementMap":{"0":{"start":{"line":12,"column":27},"end":{"line":14,"column":1}},"1":{"start":{"line":16,"column":28},"end":{"line":26,"column":1}},"2":{"start":{"line":17,"column":65},"end":{"line":17,"column":74}},"3":{"start":{"line":19,"column":2},"end":{"line":25,"column":4}},"4":{"start":{"line":27,"column":30},"end":{"line":33,"column":1}},"5":{"start":{"line":28,"column":18},"end":{"line":28,"column":41}},"6":{"start":{"line":29,"column":2},"end":{"line":31,"column":3}},"7":{"start":{"line":30,"column":4},"end":{"line":30,"column":73}},"8":{"start":{"line":32,"column":2},"end":{"line":32,"column":17}}},"fnMap":{"0":{"name":"(anonymous_0)","decl":{"start":{"line":16,"column":28},"end":{"line":16,"column":29}},"loc":{"start":{"line":16,"column":71},"end":{"line":26,"column":1}},"line":16},"1":{"name":"(anonymous_1)","decl":{"start":{"line":27,"column":30},"end":{"line":27,"column":31}},"loc":{"start":{"line":27,"column":53},"end":{"line":33,"column":1}},"line":27}},"branchMap":{"0":{"loc":{"start":{"line":29,"column":2},"end":{"line":31,"column":3}},"type":"if","locations":[{"start":{"line":29,"column":2},"end":{"line":31,"column":3}},{"start":{},"end":{}}],"line":29}},"s":{"0":5,"1":5,"2":6,"3":6,"4":5,"5":72,"6":72,"7":0,"8":72},"f":{"0":6,"1":72},"b":{"0":[0,72]},"_coverageSchema":"1a1c01bbd47fc00a2c39e90264f33305004495a9","hash":"afdee4e642a42cedb1ab9915a2db4a781ecffb4e"}
,"C:\\Users\\vismaheshwari\\Desktop\\Assignment1\\src\\context\\WishlistContext.tsx": {"path":"C:\\Users\\vismaheshwari\\Desktop\\Assignment1\\src\\context\\WishlistContext.tsx","statementMap":{"0":{"start":{"line":12,"column":31},"end":{"line":14,"column":1}},"1":{"start":{"line":16,"column":67},"end":{"line":38,"column":1}},"2":{"start":{"line":24,"column":6},"end":{"line":24,"column":23}},"3":{"start":{"line":26,"column":2},"end":{"line":37,"column":4}},"4":{"start":{"line":40,"column":34},"end":{"line":48,"column":1}},"5":{"start":{"line":41,"column":18},"end":{"line":41,"column":45}},"6":{"start":{"line":42,"column":2},"end":{"line":46,"column":3}},"7":{"start":{"line":43,"column":4},"end":{"line":45,"column":6}},"8":{"start":{"line":47,"column":2},"end":{"line":47,"column":17}}},"fnMap":{"0":{"name":"(anonymous_0)","decl":{"start":{"line":16,"column":67},"end":{"line":16,"column":68}},"loc":{"start":{"line":18,"column":6},"end":{"line":38,"column":1}},"line":18},"1":{"name":"(anonymous_1)","decl":{"start":{"line":40,"column":34},"end":{"line":40,"column":35}},"loc":{"start":{"line":40,"column":62},"end":{"line":48,"column":1}},"line":40}},"branchMap":{"0":{"loc":{"start":{"line":42,"column":2},"end":{"line":46,"column":3}},"type":"if","locations":[{"start":{"line":42,"column":2},"end":{"line":46,"column":3}},{"start":{},"end":{}}],"line":42}},"s":{"0":4,"1":4,"2":1,"3":1,"4":4,"5":129,"6":129,"7":0,"8":129},"f":{"0":1,"1":129},"b":{"0":[0,129]},"_coverageSchema":"1a1c01bbd47fc00a2c39e90264f33305004495a9","hash":"c10434046ce996e0b2cec0857d6f3c50b280e32d"}
}
